2023-02-22 10:44:35,583 [INFO] Activator:177 - 


2023-02-22 10:44:35,591 [INFO] Activator:178 - !SESSION log4j initialized
2023-02-22 10:46:46,783 [ERROR] LogOutputStream:74 - [STDERR_REDIRECT] SLF4J: Failed to load class "org.slf4j.impl.StaticLoggerBinder".
2023-02-22 10:46:46,783 [ERROR] LogOutputStream:74 - [STDERR_REDIRECT] SLF4J: Defaulting to no-operation (NOP) logger implementation
2023-02-22 10:46:46,783 [ERROR] LogOutputStream:74 - [STDERR_REDIRECT] SLF4J: See http://www.slf4j.org/codes.html#StaticLoggerBinder for further details.
2023-02-22 11:44:17,021 [INFO] Activator:177 - 


2023-02-22 11:44:17,021 [INFO] Activator:178 - !SESSION log4j initialized
2023-02-22 11:44:47,175 [ERROR] LogOutputStream:74 - [STDERR_REDIRECT] SLF4J: Failed to load class "org.slf4j.impl.StaticLoggerBinder".
2023-02-22 11:44:47,175 [ERROR] LogOutputStream:74 - [STDERR_REDIRECT] SLF4J: Defaulting to no-operation (NOP) logger implementation
2023-02-22 11:44:47,175 [ERROR] LogOutputStream:74 - [STDERR_REDIRECT] SLF4J: See http://www.slf4j.org/codes.html#StaticLoggerBinder for further details.
2023-02-22 13:21:34,741 [INFO] Activator:177 - 


2023-02-22 13:21:34,741 [INFO] Activator:178 - !SESSION log4j initialized
2023-02-22 13:22:04,480 [ERROR] LogOutputStream:74 - [STDERR_REDIRECT] SLF4J: Failed to load class "org.slf4j.impl.StaticLoggerBinder".
2023-02-22 13:22:04,486 [ERROR] LogOutputStream:74 - [STDERR_REDIRECT] SLF4J: Defaulting to no-operation (NOP) logger implementation
2023-02-22 13:22:04,490 [ERROR] LogOutputStream:74 - [STDERR_REDIRECT] SLF4J: See http://www.slf4j.org/codes.html#StaticLoggerBinder for further details.
2023-02-22 14:54:47,265 [INFO] McuFinderGlobals:44 - Set McuFinder mode to 2 (CubeIDE integrated)
2023-02-22 14:54:48,966 [INFO] ApplicationProperties:181 - Using Application install path: C:\ST\STM32CubeIDE_1.10.1\STM32CubeIDE\plugins\com.st.stm32cube.common.mx_6.6.1.202207061420
2023-02-22 14:54:48,990 [INFO] DbMcusXml:77 - Set database path to: C:\ST\STM32CubeIDE_1.10.1\STM32CubeIDE\plugins\com.st.stm32cube.common.mx_6.6.1.202207061420\\db\/mcu/
2023-02-22 14:54:48,991 [INFO] ApiDb:269 - Set plugin database path to: C:\ST\STM32CubeIDE_1.10.1\STM32CubeIDE\plugins\com.st.stm32cube.common.mx_6.6.1.202207061420\\db\/plugins/boardmanager/
2023-02-22 14:54:48,993 [WARN] ApiDb:254 - Overriding images path with different value:  => C:\ST\STM32CubeIDE_1.10.1\STM32CubeIDE\plugins\com.st.stm32cube.common.mx_6.6.1.202207061420\\db\/plugins/mcufinder/images/
2023-02-22 14:54:49,013 [INFO] ApiDb:249 - Set database path to: C:\Users\Anusha\.stmcufinder\plugins\mcufinder//mcu/
2023-02-22 14:54:49,016 [INFO] DbMcusAds:124 - Set database path to: C:\Users\Anusha\.stmcufinder\plugins\mcufinder//mcu/
2023-02-22 14:54:50,088 [INFO] CrossReferenceDbSqlite:201 - Set database path to: C:\Users\Anusha\.stmcufinder\plugins\mcufinder//mcu/cs/
2023-02-22 14:54:50,214 [INFO] RulesReader:61 - Compatibility file has been processed (282 Rules)
2023-02-22 14:54:50,316 [INFO] DbMcusXml:77 - Set database path to: C:\ST\STM32CubeIDE_1.10.1\STM32CubeIDE\plugins\com.st.stm32cube.common.mx_6.6.1.202207061420\\db\/mcu/
2023-02-22 14:54:50,316 [INFO] ApiDb:269 - Set plugin database path to: C:\ST\STM32CubeIDE_1.10.1\STM32CubeIDE\plugins\com.st.stm32cube.common.mx_6.6.1.202207061420\\db\/plugins/boardmanager/
2023-02-22 14:54:50,316 [INFO] ApiDb:256 - Set plugin images path to: C:\ST\STM32CubeIDE_1.10.1\STM32CubeIDE\plugins\com.st.stm32cube.common.mx_6.6.1.202207061420\\db\/plugins/mcufinder/images/
2023-02-22 14:54:50,317 [WARN] DbFile:40 - Overriding database path with different value: C:\Users\Anusha\.stmcufinder\plugins\mcufinder/ => C:\Users\Anusha\.stmcufinder\plugins\mcufinder
2023-02-22 14:54:50,317 [INFO] ApiDb:249 - Set database path to: C:\Users\Anusha\.stmcufinder\plugins\mcufinder//mcu/
2023-02-22 14:54:50,328 [WARN] DbFile:40 - Overriding database path with different value: C:\Users\Anusha\.stmcufinder\plugins\mcufinder/ => C:\Users\Anusha\.stmcufinder\plugins\mcufinder
2023-02-22 14:54:50,331 [INFO] DbMcusAds:124 - Set database path to: C:\Users\Anusha\.stmcufinder\plugins\mcufinder//mcu/
2023-02-22 14:54:50,335 [WARN] DbFile:40 - Overriding database path with different value: C:\Users\Anusha\.stmcufinder\plugins\mcufinder/ => C:\Users\Anusha\.stmcufinder\plugins\mcufinder
2023-02-22 14:54:50,335 [WARN] DbFile:40 - Overriding database path with different value: C:\Users\Anusha\.stmcufinder\plugins\mcufinder/ => C:\Users\Anusha\.stmcufinder\plugins\mcufinder
2023-02-22 14:54:50,335 [INFO] CrossReferenceDbSqlite:201 - Set database path to: C:\Users\Anusha\.stmcufinder\plugins\mcufinder//mcu/cs/
2023-02-22 14:54:50,429 [INFO] MainPanel:242 - HeapMemory: 434110464
2023-02-22 14:54:50,570 [INFO] DbMcusXml:77 - Set database path to: C:\ST\STM32CubeIDE_1.10.1\STM32CubeIDE\plugins\com.st.stm32cube.common.mx_6.6.1.202207061420\\db\/mcu/
2023-02-22 14:54:50,570 [INFO] ApiDb:269 - Set plugin database path to: C:\ST\STM32CubeIDE_1.10.1\STM32CubeIDE\plugins\com.st.stm32cube.common.mx_6.6.1.202207061420\\db\/plugins/boardmanager/
2023-02-22 14:54:50,571 [INFO] ApiDb:256 - Set plugin images path to: C:\ST\STM32CubeIDE_1.10.1\STM32CubeIDE\plugins\com.st.stm32cube.common.mx_6.6.1.202207061420\\db\/plugins/mcufinder/images/
2023-02-22 14:54:50,571 [WARN] DbFile:40 - Overriding database path with different value: C:\Users\Anusha\.stmcufinder\plugins\mcufinder/ => C:\Users\Anusha\.stmcufinder\plugins\mcufinder
2023-02-22 14:54:50,571 [INFO] ApiDb:249 - Set database path to: C:\Users\Anusha\.stmcufinder\plugins\mcufinder//mcu/
2023-02-22 14:54:50,572 [WARN] DbFile:40 - Overriding database path with different value: C:\Users\Anusha\.stmcufinder\plugins\mcufinder/ => C:\Users\Anusha\.stmcufinder\plugins\mcufinder
2023-02-22 14:54:50,572 [INFO] DbMcusAds:124 - Set database path to: C:\Users\Anusha\.stmcufinder\plugins\mcufinder//mcu/
2023-02-22 14:54:50,574 [WARN] DbFile:40 - Overriding database path with different value: C:\Users\Anusha\.stmcufinder\plugins\mcufinder/ => C:\Users\Anusha\.stmcufinder\plugins\mcufinder
2023-02-22 14:54:50,575 [WARN] DbFile:40 - Overriding database path with different value: C:\Users\Anusha\.stmcufinder\plugins\mcufinder/ => C:\Users\Anusha\.stmcufinder\plugins\mcufinder
2023-02-22 14:54:50,575 [INFO] CrossReferenceDbSqlite:201 - Set database path to: C:\Users\Anusha\.stmcufinder\plugins\mcufinder//mcu/cs/
2023-02-22 14:54:50,596 [INFO] ApplicationProperties:181 - Using Application install path: C:\ST\STM32CubeIDE_1.10.1\STM32CubeIDE\plugins\com.st.stm32cube.common.mx_6.6.1.202207061420
2023-02-22 14:54:50,598 [INFO] PluginManage:193 - Search for loadable plugins [exclusion list=, ]
2023-02-22 14:54:50,599 [INFO] PluginManage:307 - Check plugin analytics
2023-02-22 14:54:50,809 [INFO] AnalyticsPlugin:262 - Accepted Software Licenses: STM32CubeMX.6.5.0,STM32CubeMX.6.1.1
2023-02-22 14:54:50,810 [INFO] AnalyticsPlugin:264 - Accepted CMSIS Pack Licenses: 
2023-02-22 14:54:50,810 [INFO] AnalyticsPlugin:266 - Accepted Firmware Licenses: FW.F4.1.27.0
2023-02-22 14:54:50,815 [INFO] PluginManage:356 - Loaded plugin analytics (category:tool,tabindex:-1)
2023-02-22 14:54:50,816 [INFO] PluginManage:307 - Check plugin cadmodel
2023-02-22 14:54:50,840 [INFO] CADModel:65 - Init CAD model plugin
2023-02-22 14:54:50,840 [INFO] PluginManage:356 - Loaded plugin cadmodel (category:power,tabindex:5)
2023-02-22 14:54:50,840 [INFO] PluginManage:307 - Check plugin clock
2023-02-22 14:54:50,859 [INFO] PluginManage:356 - Loaded plugin clock (category:base,tabindex:2)
2023-02-22 14:54:50,859 [INFO] PluginManage:307 - Check plugin ddr
2023-02-22 14:54:50,864 [INFO] PluginManage:356 - Loaded plugin ddr (category:tool,tabindex:6)
2023-02-22 14:54:50,864 [INFO] PluginManage:307 - Check plugin filemanager
2023-02-22 14:54:51,028 [INFO] PluginManage:356 - Loaded plugin filemanager (category:base,tabindex:10)
2023-02-22 14:54:51,028 [INFO] PluginManage:307 - Check plugin ipmanager
2023-02-22 14:54:51,040 [INFO] PluginManage:356 - Loaded plugin ipmanager (category:base,tabindex:5)
2023-02-22 14:54:51,040 [INFO] PluginManage:307 - Check plugin lpbam
2023-02-22 14:54:51,061 [INFO] PluginManage:356 - Loaded plugin lpbam (category:base,tabindex:0)
2023-02-22 14:54:51,061 [INFO] PluginManage:307 - Check plugin pinoutandconfiguration
2023-02-22 14:54:51,078 [INFO] PluginManage:356 - Loaded plugin pinoutandconfiguration (category:base,tabindex:1)
2023-02-22 14:54:51,078 [INFO] PluginManage:307 - Check plugin pinoutconfig
2023-02-22 14:54:51,115 [INFO] PluginManage:356 - Loaded plugin pinoutconfig (category:base,tabindex:0)
2023-02-22 14:54:51,115 [INFO] PluginManage:307 - Check plugin power
2023-02-22 14:54:51,134 [INFO] PluginManage:356 - Loaded plugin power (category:power,tabindex:4)
2023-02-22 14:54:51,134 [INFO] PluginManage:307 - Check plugin projectmanager
2023-02-22 14:54:51,154 [INFO] PluginManage:356 - Loaded plugin projectmanager (category:projectmanager,tabindex:3)
2023-02-22 14:54:51,154 [INFO] PluginManage:307 - Check plugin thirdparty
2023-02-22 14:54:51,427 [INFO] PluginManage:356 - Loaded plugin thirdparty (category:base,tabindex:-1)
2023-02-22 14:54:51,427 [INFO] PluginManage:307 - Check plugin tools
2023-02-22 14:54:51,427 [WARN] IntegrityCheckThread:82 - waiting for thirdparty lock release [integrity check]
2023-02-22 14:54:51,428 [INFO] IntegrityCheckThread:84 - entering critical section [integrity check]
2023-02-22 14:54:51,430 [INFO] ThirdPartyUpdaterWithRetryManager:70 - Updater plugin not ready yet. [1/15]
2023-02-22 14:54:51,456 [INFO] PluginManage:356 - Loaded plugin tools (category:base,tabindex:7)
2023-02-22 14:54:51,457 [INFO] PluginManage:307 - Check plugin tutovideos
2023-02-22 14:54:51,702 [INFO] PluginManage:356 - Loaded plugin tutovideos (category:base,tabindex:-1)
2023-02-22 14:54:51,703 [INFO] PluginManage:307 - Check plugin updater
2023-02-22 14:54:51,725 [INFO] PluginManage:356 - Loaded plugin updater (category:base,tabindex:12)
2023-02-22 14:54:51,726 [INFO] PluginManage:280 - PluginManage : Loaded plugins [15]
2023-02-22 14:54:51,995 [INFO] PinOutPanel:1468 - setPackage(No Configuration,No Configuration)
2023-02-22 14:54:52,054 [INFO] CADModel:98 - CPN selected for project level
2023-02-22 14:54:52,080 [INFO] IPUIPlugin:79 - create IPUIPlugin
2023-02-22 14:54:52,080 [INFO] PluginManager:217 - loadIPPluginJar : add adc
2023-02-22 14:54:52,103 [INFO] IPUIPlugin:79 - create IPUIPlugin
2023-02-22 14:54:52,103 [INFO] PluginManager:217 - loadIPPluginJar : add aes
2023-02-22 14:54:52,134 [INFO] IPUIPlugin:79 - create IPUIPlugin
2023-02-22 14:54:52,134 [INFO] PluginManager:217 - loadIPPluginJar : add can
2023-02-22 14:54:52,149 [INFO] IPUIPlugin:79 - create IPUIPlugin
2023-02-22 14:54:52,149 [INFO] PluginManager:217 - loadIPPluginJar : add comp
2023-02-22 14:54:52,173 [INFO] IPUIPlugin:79 - create IPUIPlugin
2023-02-22 14:54:52,173 [INFO] PluginManager:217 - loadIPPluginJar : add cryp
2023-02-22 14:54:52,193 [INFO] IPUIPlugin:79 - create IPUIPlugin
2023-02-22 14:54:52,193 [INFO] PluginManager:217 - loadIPPluginJar : add dfsdm
2023-02-22 14:54:52,206 [INFO] IPUIPlugin:79 - create IPUIPlugin
2023-02-22 14:54:52,207 [INFO] PluginManager:217 - loadIPPluginJar : add dma
2023-02-22 14:54:52,234 [INFO] IPUIPlugin:79 - create IPUIPlugin
2023-02-22 14:54:52,235 [INFO] PluginManager:217 - loadIPPluginJar : add dma3
2023-02-22 14:54:52,249 [INFO] IPUIPlugin:79 - create IPUIPlugin
2023-02-22 14:54:52,250 [INFO] PluginManager:217 - loadIPPluginJar : add fatfs
2023-02-22 14:54:52,280 [INFO] IPUIPlugin:79 - create IPUIPlugin
2023-02-22 14:54:52,280 [INFO] PluginManager:217 - loadIPPluginJar : add fmc
2023-02-22 14:54:52,293 [INFO] IPUIPlugin:79 - create IPUIPlugin
2023-02-22 14:54:52,293 [INFO] PluginManager:217 - loadIPPluginJar : add freertos
2023-02-22 14:54:52,310 [INFO] IPUIPlugin:79 - create IPUIPlugin
2023-02-22 14:54:52,310 [INFO] PluginManager:217 - loadIPPluginJar : add genericplugin
2023-02-22 14:54:52,360 [INFO] IPUIPlugin:79 - create IPUIPlugin
2023-02-22 14:54:52,360 [INFO] PluginManager:217 - loadIPPluginJar : add gfxmmu
2023-02-22 14:54:52,441 [INFO] IPUIPlugin:79 - create IPUIPlugin
2023-02-22 14:54:52,441 [INFO] PluginManager:217 - loadIPPluginJar : add gic
2023-02-22 14:54:52,460 [INFO] IPUIPlugin:79 - create IPUIPlugin
2023-02-22 14:54:52,460 [INFO] PluginManager:217 - loadIPPluginJar : add gpio
2023-02-22 14:54:52,511 [INFO] IPUIPlugin:79 - create IPUIPlugin
2023-02-22 14:54:52,512 [INFO] PluginManager:217 - loadIPPluginJar : add gtzc
2023-02-22 14:54:52,536 [INFO] IPUIPlugin:79 - create IPUIPlugin
2023-02-22 14:54:52,536 [INFO] PluginManager:217 - loadIPPluginJar : add hash
2023-02-22 14:54:52,569 [INFO] IPUIPlugin:79 - create IPUIPlugin
2023-02-22 14:54:52,569 [INFO] PluginManager:217 - loadIPPluginJar : add i2c
2023-02-22 14:54:52,594 [INFO] IPUIPlugin:79 - create IPUIPlugin
2023-02-22 14:54:52,594 [INFO] PluginManager:217 - loadIPPluginJar : add i2s
2023-02-22 14:54:52,666 [INFO] IPUIPlugin:79 - create IPUIPlugin
2023-02-22 14:54:52,667 [INFO] PluginManager:217 - loadIPPluginJar : add ipddr
2023-02-22 14:54:52,725 [INFO] IPUIPlugin:79 - create IPUIPlugin
2023-02-22 14:54:52,726 [INFO] PluginManager:217 - loadIPPluginJar : add linkedlist
2023-02-22 14:54:52,750 [INFO] IPUIPlugin:79 - create IPUIPlugin
2023-02-22 14:54:52,750 [INFO] PluginManager:217 - loadIPPluginJar : add lorawan
2023-02-22 14:54:52,777 [INFO] IPUIPlugin:79 - create IPUIPlugin
2023-02-22 14:54:52,777 [INFO] PluginManager:217 - loadIPPluginJar : add ltdc
2023-02-22 14:54:52,790 [INFO] IPUIPlugin:79 - create IPUIPlugin
2023-02-22 14:54:52,790 [INFO] PluginManager:217 - loadIPPluginJar : add mdma
2023-02-22 14:54:52,802 [INFO] IPUIPlugin:79 - create IPUIPlugin
2023-02-22 14:54:52,803 [INFO] PluginManager:217 - loadIPPluginJar : add nvic
2023-02-22 14:54:52,828 [INFO] IPUIPlugin:79 - create IPUIPlugin
2023-02-22 14:54:52,828 [INFO] PluginManager:217 - loadIPPluginJar : add opamp
2023-02-22 14:54:52,868 [INFO] IPUIPlugin:79 - create IPUIPlugin
2023-02-22 14:54:52,869 [INFO] PluginManager:217 - loadIPPluginJar : add openamp
2023-02-22 14:54:52,894 [INFO] IPUIPlugin:79 - create IPUIPlugin
2023-02-22 14:54:52,894 [INFO] PluginManager:217 - loadIPPluginJar : add pdm2pcm
2023-02-22 14:54:52,908 [INFO] IPUIPlugin:79 - create IPUIPlugin
2023-02-22 14:54:52,911 [INFO] PluginManager:217 - loadIPPluginJar : add plateformsettings
2023-02-22 14:54:52,925 [INFO] IPUIPlugin:79 - create IPUIPlugin
2023-02-22 14:54:52,925 [INFO] PluginManager:217 - loadIPPluginJar : add quadspi
2023-02-22 14:54:52,936 [INFO] IPUIPlugin:79 - create IPUIPlugin
2023-02-22 14:54:52,937 [INFO] PluginManager:217 - loadIPPluginJar : add resmgrutility
2023-02-22 14:54:52,967 [INFO] IPUIPlugin:79 - create IPUIPlugin
2023-02-22 14:54:52,968 [INFO] PluginManager:217 - loadIPPluginJar : add sai
2023-02-22 14:54:52,994 [INFO] IPUIPlugin:79 - create IPUIPlugin
2023-02-22 14:54:52,994 [INFO] PluginManager:217 - loadIPPluginJar : add spi
2023-02-22 14:54:53,030 [INFO] IPUIPlugin:79 - create IPUIPlugin
2023-02-22 14:54:53,030 [INFO] PluginManager:217 - loadIPPluginJar : add stm32_wpan
2023-02-22 14:54:53,045 [INFO] IPUIPlugin:79 - create IPUIPlugin
2023-02-22 14:54:53,046 [INFO] PluginManager:217 - loadIPPluginJar : add tim
2023-02-22 14:54:53,082 [INFO] IPUIPlugin:79 - create IPUIPlugin
2023-02-22 14:54:53,082 [INFO] PluginManager:217 - loadIPPluginJar : add touchsensing
2023-02-22 14:54:53,097 [INFO] IPUIPlugin:79 - create IPUIPlugin
2023-02-22 14:54:53,097 [INFO] PluginManager:217 - loadIPPluginJar : add tracer_emb
2023-02-22 14:54:53,112 [INFO] IPUIPlugin:79 - create IPUIPlugin
2023-02-22 14:54:53,112 [INFO] PluginManager:217 - loadIPPluginJar : add ts
2023-02-22 14:54:53,125 [INFO] IPUIPlugin:79 - create IPUIPlugin
2023-02-22 14:54:53,125 [INFO] PluginManager:217 - loadIPPluginJar : add tsc
2023-02-22 14:54:53,142 [INFO] IPUIPlugin:79 - create IPUIPlugin
2023-02-22 14:54:53,143 [INFO] PluginManager:217 - loadIPPluginJar : add ucpd
2023-02-22 14:54:53,175 [INFO] IPUIPlugin:79 - create IPUIPlugin
2023-02-22 14:54:53,175 [INFO] PluginManager:217 - loadIPPluginJar : add usart
2023-02-22 14:54:53,205 [INFO] IPUIPlugin:79 - create IPUIPlugin
2023-02-22 14:54:53,205 [INFO] PluginManager:217 - loadIPPluginJar : add usbx
2023-02-22 14:54:53,538 [FATAL] Updater:301 - Updater called before beeing initialized
2023-02-22 14:54:53,669 [FATAL] Updater:301 - Updater called before beeing initialized
2023-02-22 14:54:53,683 [INFO] DbMcusAds:52 - JSON generation date=Thu Sep 30 12:25:09 IST 2021 (1632984909377)
2023-02-22 14:54:53,683 [FATAL] Updater:301 - Updater called before beeing initialized
2023-02-22 14:54:53,724 [WARN] DetailPanel:344 - Failed to get advertising image, set to default
2023-02-22 14:54:53,871 [FATAL] Updater:301 - Updater called before beeing initialized
2023-02-22 14:54:53,874 [FATAL] Updater:301 - Updater called before beeing initialized
2023-02-22 14:54:53,874 [FATAL] Updater:301 - Updater called before beeing initialized
2023-02-22 14:54:53,874 [WARN] DetailPanel:344 - Failed to get advertising image, set to default
2023-02-22 14:54:53,876 [FATAL] Updater:301 - Updater called before beeing initialized
2023-02-22 14:54:53,931 [ERROR] Updater:1105 - MainUpdater not yet initialized. External WinMGr cannot be set.
2023-02-22 14:54:53,940 [INFO] Updater:1041 - Updater Version found : 6.6.1
2023-02-22 14:54:53,958 [INFO] ApplicationProperties:181 - Using Application install path: C:\ST\STM32CubeIDE_1.10.1\STM32CubeIDE\plugins\com.st.stm32cube.common.mx_6.6.1.202207061420
2023-02-22 14:54:54,245 [INFO] MainUpdater:2768 - connection check result : 10
2023-02-22 14:54:54,247 [INFO] MainUpdater:280 - Updater Check For Update Now.
2023-02-22 14:54:54,247 [INFO] MicroXplorer:481 - Change Database Version : DB.6.0.60
2023-02-22 14:54:54,438 [INFO] CheckServerUpdateThread:119 - End of CheckServer Thread
2023-02-22 14:54:54,489 [INFO] MainUpdater:2768 - connection check result : 10
2023-02-22 14:54:54,497 [INFO] MainUpdater:2768 - connection check result : 10
2023-02-22 14:54:54,595 [WARN] PackLoader:242 - Cannot read IP mode file for STMicroelectronics.X-CUBE-GNSS1.6.0.0
2023-02-22 14:54:54,636 [WARN] PackLoader:242 - Cannot read IP mode file for STMicroelectronics.X-CUBE-AZRTOS-F4.1.1.0
2023-02-22 14:54:54,650 [INFO] MicroXplorer:451 - Change Database Path : 
2023-02-22 14:54:54,651 [INFO] MicroXplorer:481 - Change Database Version : DB.6.0.60
2023-02-22 14:54:54,652 [WARN] ThirdParty:827 - waiting for thirdparty lock release [close project]
2023-02-22 14:54:54,657 [WARN] PackLoader:242 - Cannot read IP mode file for STMicroelectronics.X-CUBE-BLEMGR.1.2.0
2023-02-22 14:54:54,692 [WARN] PackLoader:242 - Cannot read IP mode file for STMicroelectronics.X-CUBE-AZRTOS-F7.1.1.0
2023-02-22 14:54:54,709 [WARN] PackLoader:242 - Cannot read IP mode file for STMicroelectronics.X-CUBE-BLE1.6.2.3
2023-02-22 14:54:54,721 [WARN] PackLoader:242 - Cannot read IP mode file for STMicroelectronics.X-CUBE-BLE1.6.2.4
2023-02-22 14:54:54,741 [WARN] PackLoader:242 - Cannot read IP mode file for STMicroelectronics.X-CUBE-NFC4.2.0.5
2023-02-22 14:54:54,760 [WARN] PackLoader:242 - Cannot read IP mode file for STMicroelectronics.X-CUBE-NFC4.2.0.4
2023-02-22 14:54:54,781 [WARN] PackLoader:242 - Cannot read IP mode file for STMicroelectronics.X-CUBE-TOF1.3.1.0
2023-02-22 14:54:54,807 [WARN] PackLoader:242 - Cannot read IP mode file for STMicroelectronics.X-CUBE-DISPLAY.3.0.0
2023-02-22 14:54:54,832 [WARN] PackLoader:242 - Cannot read IP mode file for STMicroelectronics.X-CUBE-NFC7.1.0.0
2023-02-22 14:54:54,911 [WARN] PackLoader:242 - Cannot read IP mode file for STMicroelectronics.X-CUBE-MEMS1.9.3.0
2023-02-22 14:54:55,126 [WARN] PackLoader:242 - Cannot read IP mode file for STMicroelectronics.X-CUBE-AI.7.2.0
2023-02-22 14:54:55,142 [WARN] PackLoader:242 - Cannot read IP mode file for STMicroelectronics.X-CUBE-SFXS2LP1.4.0.0
2023-02-22 14:54:55,159 [WARN] PackLoader:242 - Cannot read IP mode file for STMicroelectronics.X-CUBE-BLE2.3.3.0
2023-02-22 14:54:55,206 [WARN] PackLoader:242 - Cannot read IP mode file for STMicroelectronics.X-CUBE-DISPLAY.2.2.0
2023-02-22 14:54:55,237 [WARN] PackLoader:242 - Cannot read IP mode file for STMicroelectronics.X-CUBE-TOF1.3.2.0
2023-02-22 14:54:55,274 [WARN] PackLoader:242 - Cannot read IP mode file for STMicroelectronics.X-CUBE-AZRTOS-H7.3.0.0
2023-02-22 14:54:55,285 [WARN] PackLoader:242 - Cannot read IP mode file for STMicroelectronics.X-CUBE-ISPU.1.0.0
2023-02-22 14:54:55,300 [WARN] PackLoader:242 - Cannot read IP mode file for STMicroelectronics.X-CUBE-ISPU.1.1.0
2023-02-22 14:54:55,315 [WARN] PackLoader:242 - Cannot read IP mode file for RoweBots.I-CUBE-UNISONRTOS.5.5.0-4
2023-02-22 14:54:55,347 [WARN] PackLoader:242 - Cannot read IP mode file for STMicroelectronics.X-CUBE-AZRTOS-H7.2.1.0
2023-02-22 14:54:55,362 [WARN] PackLoader:242 - Cannot read IP mode file for wolfSSL.I-CUBE-wolfSSL.5.4.0
2023-02-22 14:54:55,371 [WARN] PackLoader:242 - Cannot read IP mode file for STMicroelectronics.X-CUBE-TOUCHGFX.4.21.1
2023-02-22 14:54:55,381 [WARN] PackLoader:242 - Cannot read IP mode file for STMicroelectronics.X-CUBE-TOUCHGFX.4.21.0
2023-02-22 14:54:55,394 [WARN] PackLoader:242 - Cannot read IP mode file for STMicroelectronics.X-CUBE-BLEMGR.1.0.0
2023-02-22 14:54:55,448 [WARN] PackLoader:242 - Cannot read IP mode file for STMicroelectronics.X-CUBE-MEMS1.9.4.0
2023-02-22 14:54:55,582 [WARN] PackLoader:242 - Cannot read IP mode file for STMicroelectronics.X-CUBE-AI.7.3.0
2023-02-22 14:54:55,591 [WARN] PackLoader:242 - Cannot read IP mode file for STMicroelectronics.X-CUBE-ALGOBUILD.1.3.0
2023-02-22 14:54:55,615 [WARN] PackLoader:242 - Cannot read IP mode file for STMicroelectronics.X-CUBE-AZRTOS-L5.1.1.0
2023-02-22 14:54:55,646 [WARN] PackLoader:242 - Cannot read IP mode file for STMicroelectronics.X-CUBE-AZRTOS-G0.1.1.0
2023-02-22 14:54:55,662 [WARN] PackLoader:242 - Cannot read IP mode file for STMicroelectronics.X-CUBE-SUBG2.5.0.0
2023-02-22 14:54:55,681 [WARN] PackLoader:242 - Cannot read IP mode file for STMicroelectronics.X-CUBE-NFC4.3.0.0
2023-02-22 14:54:55,738 [WARN] PackLoader:242 - Cannot read IP mode file for SEGGER.I-CUBE-embOS.1.2.0
2023-02-22 14:54:55,796 [WARN] PackLoader:242 - Cannot read IP mode file for STMicroelectronics.FP-ATR-ASTRA1.1.1.1
2023-02-22 14:54:55,806 [WARN] PackLoader:242 - Cannot read IP mode file for STMicroelectronics.FP-ATR-ASTRA1.1.1.0
2023-02-22 14:54:55,824 [WARN] PackLoader:242 - Cannot read IP mode file for STMicroelectronics.X-CUBE-BLEMGR.1.3.0
2023-02-22 14:54:55,856 [WARN] PackLoader:242 - Cannot read IP mode file for STMicroelectronics.X-CUBE-AZRTOS-G4.1.0.0
2023-02-22 14:54:55,874 [WARN] PackLoader:242 - Cannot read IP mode file for STMicroelectronics.FP-ATR-SIGFOX1.3.2.0
2023-02-22 14:54:55,903 [WARN] PackLoader:242 - Cannot read IP mode file for STMicroelectronics.X-CUBE-AZRTOS-L4.1.0.0
2023-02-22 14:54:55,921 [WARN] PackLoader:242 - Cannot read IP mode file for emotas.I-CUBE-CANOPEN.1.1.2
2023-02-22 14:54:55,934 [WARN] PackLoader:242 - Cannot read IP mode file for STMicroelectronics.X-CUBE-TOUCHGFX.4.20.0
2023-02-22 14:54:55,955 [WARN] PackLoader:242 - Cannot read IP mode file for STMicroelectronics.X-CUBE-AZRTOS-WL.1.0.0
2023-02-22 14:54:55,968 [WARN] PackLoader:242 - Cannot read IP mode file for portGmbH.I-Cube-SoM-uGOAL.1.1.0
2023-02-22 14:54:55,978 [WARN] PackLoader:242 - Cannot read IP mode file for STMicroelectronics.X-CUBE-ALS.1.0.1
2023-02-22 14:54:56,054 [WARN] PackLoader:242 - Cannot read IP mode file for STMicroelectronics.X-CUBE-MEMS1.9.5.0
2023-02-22 14:54:56,213 [WARN] PackLoader:242 - Cannot read IP mode file for STMicroelectronics.X-CUBE-AZRTOS-WB.1.1.0
2023-02-22 14:54:56,238 [WARN] PackLoader:242 - Cannot read IP mode file for STMicroelectronics.X-CUBE-AZRTOS-L5.1.0.0
2023-02-22 14:54:56,252 [WARN] PackLoader:242 - Cannot read IP mode file for STMicroelectronics.X-CUBE-EEPRMA1.3.1.1
2023-02-22 14:54:56,253 [INFO] ThirdParty:929 - Integrity check success = true
2023-02-22 14:54:56,253 [INFO] IntegrityCheckThread:98 - exiting critical section [integrity check]
2023-02-22 14:54:56,253 [INFO] IntegrityCheckThread:101 - End integrity checks thread
2023-02-22 14:54:56,253 [INFO] ThirdParty:829 - entering critical section [close project]
2023-02-22 14:54:56,255 [INFO] ThirdParty:839 - exiting critical section [close project]
2023-02-22 14:54:56,263 [INFO] PinOutPanel:1468 - setPackage(No Configuration,No Configuration)
2023-02-22 14:54:56,270 [INFO] UtilMem:74 - Begin LoadConfig() Used Memory: 443843568 Bytes (514850816)
2023-02-22 14:54:56,271 [INFO] MicroXplorer:451 - Change Database Path : 
2023-02-22 14:54:56,272 [INFO] MicroXplorer:481 - Change Database Version : DB.6.0.60
2023-02-22 14:54:56,272 [INFO] OpenFileManager:307 - Change cursor
2023-02-22 14:54:56,310 [INFO] Mcu:1922 - Initializing MCU STM32F103C(8-B)Tx STM32F103C8Tx STM32F103C8T6
2023-02-22 14:54:57,113 [INFO] Context:654 - Trying to add GPIOservice into a context  which must be forbidden
2023-02-22 14:54:57,414 [WARN] ApiManager:308 - Cannot register API 'Board Extension:GNSS1A1' from pack STMicroelectronics.X-CUBE-GNSS1.6.0.0: no header file found
2023-02-22 14:54:57,414 [WARN] ApiManager:308 - Cannot register API 'Board Support:Custom' from pack STMicroelectronics.X-CUBE-GNSS1.6.0.0: no header file found
2023-02-22 14:54:57,414 [WARN] ApiManager:308 - Cannot register API 'Data Exchange:lib_gnss' from pack STMicroelectronics.X-CUBE-GNSS1.6.0.0: no header file found
2023-02-22 14:54:57,510 [WARN] ApiManager:308 - Cannot register API 'Board Extension:IKS01A3' from pack STMicroelectronics.X-CUBE-MEMS1.9.4.0: no header file found
2023-02-22 14:54:57,510 [WARN] ApiManager:308 - Cannot register API 'Board Extension:IKS01A2' from pack STMicroelectronics.X-CUBE-MEMS1.9.4.0: no header file found
2023-02-22 14:54:57,510 [WARN] ApiManager:308 - Cannot register API 'Board Extension:IKS02A1' from pack STMicroelectronics.X-CUBE-MEMS1.9.4.0: no header file found
2023-02-22 14:54:57,524 [WARN] ApiManager:308 - Cannot register API 'Wireless:BlueNRG-MS' from pack STMicroelectronics.X-CUBE-BLE1.6.2.3: no header file found
2023-02-22 14:54:57,524 [WARN] ApiManager:308 - Cannot register API 'Wireless:BlueNRG-MS' from pack STMicroelectronics.X-CUBE-BLE1.6.2.4: no header file found
2023-02-22 14:54:57,526 [INFO] RtosManager:488 - Registered RTOS mode: class=CMSIS, group=RTOS, mode=CMSIS_V1, owner=FREERTOS
2023-02-22 14:54:57,526 [INFO] RtosManager:488 - Registered RTOS mode: class=CMSIS, group=RTOS2, mode=CMSIS_V2, owner=FREERTOS
2023-02-22 14:54:57,526 [INFO] RtosManager:488 - Registered RTOS mode: class=RTOS, group=Core, mode=CMSIS_V1, owner=FREERTOS
2023-02-22 14:54:57,526 [INFO] RtosManager:488 - Registered RTOS mode: class=RTOS, group=Core, mode=CMSIS_V2, owner=FREERTOS
2023-02-22 14:54:57,527 [WARN] ModelIntegratedComponent:185 - Missing modes for component STMicroelectronics:FreeRTOS:0.0.1:STMicroelectronics:RTOS:FreeRTOS:Core:::10.2.0:
2023-02-22 14:54:57,530 [WARN] ApiManager:308 - Cannot register API 'Board Extension:S2868A1' from pack STMicroelectronics.X-CUBE-SUBG2.5.0.0: no header file found
2023-02-22 14:54:57,530 [WARN] ApiManager:308 - Cannot register API 'Board Extension:S2868A2' from pack STMicroelectronics.X-CUBE-SUBG2.5.0.0: no header file found
2023-02-22 14:54:57,530 [WARN] ApiManager:308 - Cannot register API 'Board Extension:S2915A1' from pack STMicroelectronics.X-CUBE-SUBG2.5.0.0: no header file found
2023-02-22 14:54:57,531 [WARN] ApiManager:308 - Cannot register API 'Board Extension:NFC04A1' from pack STMicroelectronics.X-CUBE-NFC4.3.0.0: no header file found
2023-02-22 14:54:57,535 [WARN] ApiManager:308 - Cannot register API 'Board Extension:NFC04A1' from pack STMicroelectronics.X-CUBE-NFC4.2.0.5: no header file found
2023-02-22 14:54:57,536 [WARN] ApiManager:308 - Cannot register API 'Board Extension:NFC04A1' from pack STMicroelectronics.X-CUBE-NFC4.2.0.4: no header file found
2023-02-22 14:54:57,543 [WARN] ModelIntegratedComponent:64 - No mode defined for component null
2023-02-22 14:54:57,543 [WARN] ModelIntegratedComponent:64 - No mode defined for component null
2023-02-22 14:54:57,543 [WARN] ModelIntegratedComponent:64 - No mode defined for component null
2023-02-22 14:54:57,543 [WARN] ModelIntegratedComponent:64 - No mode defined for component null
2023-02-22 14:54:57,543 [WARN] ModelIntegratedComponent:64 - No mode defined for component null
2023-02-22 14:54:57,543 [WARN] ModelIntegratedComponent:64 - No mode defined for component null
2023-02-22 14:54:57,543 [WARN] ModelIntegratedComponent:64 - No mode defined for component null
2023-02-22 14:54:57,543 [WARN] ModelIntegratedComponent:64 - No mode defined for component null
2023-02-22 14:54:57,543 [WARN] ModelIntegratedComponent:64 - No mode defined for component null
2023-02-22 14:54:57,543 [WARN] ModelIntegratedComponent:64 - No mode defined for component null
2023-02-22 14:54:57,543 [WARN] ModelIntegratedComponent:64 - No mode defined for component null
2023-02-22 14:54:57,543 [WARN] ModelIntegratedComponent:64 - No mode defined for component null
2023-02-22 14:54:57,543 [WARN] ModelIntegratedComponent:64 - No mode defined for component null
2023-02-22 14:54:57,543 [WARN] ModelIntegratedComponent:64 - No mode defined for component null
2023-02-22 14:54:57,543 [WARN] ModelIntegratedComponent:64 - No mode defined for component null
2023-02-22 14:54:57,543 [WARN] ModelIntegratedComponent:64 - No mode defined for component null
2023-02-22 14:54:57,543 [WARN] ModelIntegratedComponent:64 - No mode defined for component null
2023-02-22 14:54:57,544 [WARN] ModelIntegratedComponent:64 - No mode defined for component null
2023-02-22 14:54:57,544 [WARN] ModelIntegratedComponent:64 - No mode defined for component null
2023-02-22 14:54:57,544 [WARN] ModelIntegratedComponent:64 - No mode defined for component null
2023-02-22 14:54:57,544 [WARN] ModelIntegratedComponent:64 - No mode defined for component null
2023-02-22 14:54:57,544 [WARN] ModelIntegratedComponent:64 - No mode defined for component null
2023-02-22 14:54:57,544 [WARN] ModelIntegratedComponent:64 - No mode defined for component null
2023-02-22 14:54:57,544 [WARN] ModelIntegratedComponent:64 - No mode defined for component null
2023-02-22 14:54:57,544 [WARN] ModelIntegratedComponent:64 - No mode defined for component null
2023-02-22 14:54:57,544 [WARN] ModelIntegratedComponent:64 - No mode defined for component null
2023-02-22 14:54:57,544 [WARN] ModelIntegratedComponent:64 - No mode defined for component null
2023-02-22 14:54:57,544 [WARN] ModelIntegratedComponent:64 - No mode defined for component null
2023-02-22 14:54:57,544 [WARN] ModelIntegratedComponent:64 - No mode defined for component null
2023-02-22 14:54:57,544 [WARN] ModelIntegratedComponent:64 - No mode defined for component null
2023-02-22 14:54:57,544 [WARN] ModelIntegratedComponent:64 - No mode defined for component null
2023-02-22 14:54:57,544 [WARN] ModelIntegratedComponent:64 - No mode defined for component null
2023-02-22 14:54:57,544 [WARN] ModelIntegratedComponent:64 - No mode defined for component null
2023-02-22 14:54:57,546 [WARN] ApiManager:308 - Cannot register API 'Board Extension:NFC07A1' from pack STMicroelectronics.X-CUBE-NFC7.1.0.0: no header file found
2023-02-22 14:54:57,591 [WARN] ApiManager:308 - Cannot register API 'Board Extension:IKS01A3' from pack STMicroelectronics.X-CUBE-MEMS1.9.3.0: no header file found
2023-02-22 14:54:57,592 [WARN] ApiManager:308 - Cannot register API 'Board Extension:IKS01A2' from pack STMicroelectronics.X-CUBE-MEMS1.9.3.0: no header file found
2023-02-22 14:54:57,592 [WARN] ApiManager:308 - Cannot register API 'Board Extension:IKS02A1' from pack STMicroelectronics.X-CUBE-MEMS1.9.3.0: no header file found
2023-02-22 14:54:57,663 [WARN] ApiManager:308 - Cannot register API 'Board Extension:IKS01A3' from pack STMicroelectronics.X-CUBE-MEMS1.9.5.0: no header file found
2023-02-22 14:54:57,663 [WARN] ApiManager:308 - Cannot register API 'Board Extension:IKS01A2' from pack STMicroelectronics.X-CUBE-MEMS1.9.5.0: no header file found
2023-02-22 14:54:57,663 [WARN] ApiManager:308 - Cannot register API 'Board Extension:IKS02A1' from pack STMicroelectronics.X-CUBE-MEMS1.9.5.0: no header file found
2023-02-22 14:54:57,667 [WARN] ApiManager:308 - Cannot register API 'Board Extension:EEPRMA1' from pack STMicroelectronics.X-CUBE-EEPRMA1.3.1.1: no header file found
2023-02-22 14:54:57,667 [WARN] ApiManager:308 - Cannot register API 'Board Extension:EEPRMA2' from pack STMicroelectronics.X-CUBE-EEPRMA1.3.1.1: no header file found
2023-02-22 14:54:57,667 [WARN] ApiManager:308 - Cannot register API 'Board Extension:S2868A1' from pack STMicroelectronics.X-CUBE-SFXS2LP1.4.0.0: no header file found
2023-02-22 14:54:57,667 [WARN] ApiManager:308 - Cannot register API 'Board Extension:S2868A2' from pack STMicroelectronics.X-CUBE-SFXS2LP1.4.0.0: no header file found
2023-02-22 14:54:57,667 [WARN] ApiManager:308 - Cannot register API 'Board Extension:S2915A1' from pack STMicroelectronics.X-CUBE-SFXS2LP1.4.0.0: no header file found
2023-02-22 14:54:57,668 [WARN] ApiManager:308 - Cannot register API 'Wireless:BlueNRG-2' from pack STMicroelectronics.X-CUBE-BLE2.3.3.0: no header file found
2023-02-22 14:54:57,687 [INFO] ThirdPartyModel:289 - Start build external matchings
2023-02-22 14:54:58,131 [INFO] ThirdPartyModel:302 - End build external matchings
2023-02-22 14:54:58,182 [INFO] ImportTextPane:193 - (OptionalMessage_ERROR) IP (DMA) : Parameter (Instance) has Id (TIM4_CH3) currently not set
2023-02-22 14:54:58,182 [INFO] ImportTextPane:193 - (OptionalMessage_ERROR) IP (DMA) : Parameter (Direction) has Id (TIM4_CH3) currently not set
2023-02-22 14:54:58,182 [INFO] ImportTextPane:193 - (OptionalMessage_ERROR) IP (DMA) : Parameter (PeriphInc) has Id (TIM4_CH3) currently not set
2023-02-22 14:54:58,182 [INFO] ImportTextPane:193 - (OptionalMessage_ERROR) IP (DMA) : Parameter (MemInc) has Id (TIM4_CH3) currently not set
2023-02-22 14:54:58,183 [INFO] ImportTextPane:193 - (OptionalMessage_ERROR) IP (DMA) : Parameter (PeriphDataAlignment) has Id (TIM4_CH3) currently not set
2023-02-22 14:54:58,183 [INFO] ImportTextPane:193 - (OptionalMessage_ERROR) IP (DMA) : Parameter (MemDataAlignment) has Id (TIM4_CH3) currently not set
2023-02-22 14:54:58,183 [INFO] ImportTextPane:193 - (OptionalMessage_ERROR) IP (DMA) : Parameter (Mode) has Id (TIM4_CH3) currently not set
2023-02-22 14:54:58,183 [INFO] ImportTextPane:193 - (OptionalMessage_ERROR) IP (DMA) : Parameter (Priority) has Id (TIM4_CH3) currently not set
2023-02-22 14:54:58,184 [INFO] ImportTextPane:193 - (OptionalMessage_ERROR) IP (RCC) : Invalid parameter (FamilyName)
2023-02-22 14:54:58,184 [INFO] ImportTextPane:193 - (OptionalMessage_ERROR) IP (RCC) : Parameter (MCOFreq_Value) has invalid value (72000000)
2023-02-22 14:54:58,185 [INFO] ImportTextPane:193 - (OptionalMessage_ERROR) IP (RCC) : Parameter (USBFreq_Value) has invalid value (72000000)
2023-02-22 14:54:58,405 [INFO] UtilMem:74 - End LoadConfig() Used Memory: 445295240 Bytes (569376768)
2023-02-22 14:54:58,541 [INFO] ApiDb:576 - Connected to CubeFinder SQLite database (C:\Users\Anusha\.stmcufinder\plugins\mcufinder\mcu\cube-finder-db.db)
2023-02-22 14:54:58,599 [INFO] ApiDb:663 - CubeFinder database Data Model version=2.1
2023-02-22 14:54:58,599 [INFO] ApiDb:664 - CubeFinder database Configuration version=3.0.35
2023-02-22 14:54:58,599 [INFO] ApiDb:665 - CubeFinder database generation date=2023-01-18 (1674054071)
2023-02-22 14:54:58,599 [INFO] ApiDb:666 - CubeFinder database FW Pack versions=[FP-ATR-ASTRA1_V1.1.1, STM32Cube_FW_C0_V1.0.1, STM32Cube_FW_F4_V1.27.1, STM32Cube_FW_F7_V1.17.0, STM32Cube_FW_G0_V1.6.1, STM32Cube_FW_G4_V1.5.0, STM32Cube_FW_H5_V0.5.1, STM32Cube_FW_H7_V1.11.0, STM32Cube_FW_L5_V1.5.0, STM32Cube_FW_U5_V1.1.1, STM32Cube_FW_WBA_V0.2.0, STM32Cube_FW_WB_V1.15.0, STM32Cube_FW_WB_V1.15.0RC1, STM32Cube_FW_WL_V1.3.0, X-CUBE-ALGOBUILD_V1.3.0, X-CUBE-ALS_V1.0.1, X-CUBE-AZRTOS-F4_V1.1.0, X-CUBE-AZRTOS-F7_V1.1.0, X-CUBE-AZRTOS-G0_V1.1.0, X-CUBE-AZRTOS-G4_V1.0.0, X-CUBE-AZRTOS-H7_V2.1.0, X-CUBE-AZRTOS-L4_V1.0.0, X-CUBE-AZRTOS-L5_V1.0.0, X-CUBE-AZRTOS-WL_V1.0.0, X-CUBE-BLE1_V6.2.4, X-CUBE-BLE2_V3.3.0, X-CUBE-BLEMGR_V1.3.0, X-CUBE-EEPRMA1_V4.1.0, X-CUBE-GNSS1_V6.0.0, X-CUBE-MEMS1_V9.1.0, X-CUBE-MEMS1_V9.3.0, X-CUBE-MEMS1_V9.4.0, X-CUBE-NFC4_V3.0.0, X-CUBE-NFC7_V1.0.0, X-CUBE-SFXS2LP1_V4.0.0, X-CUBE-SUBG2_V5.0.0]
2023-02-22 14:55:00,579 [INFO] ApiDb:239 - Found 138 in-development CPN: [B-WB1M-WPAN1, NUCLEO-C031C6, STEVAL-STWINBX1, STM320518-EVAL, STM32C0116-DK, STM32C011D6Y3TR, STM32C011D6Y6TR, STM32C011F4P3, STM32C011F4P6, STM32C011F4U3, STM32C011F4U6TR, STM32C011F6P3, STM32C011F6P6, STM32C011F6U3, STM32C011F6U6TR, STM32C011J4M3, STM32C011J4M6, STM32C011J6M3, STM32C011J6M6, STM32C0316-DK, STM32C031C4T3, STM32C031C4T6, STM32C031C4U3, STM32C031C4U6, STM32C031C6T3, STM32C031C6T6, STM32C031C6U3, STM32C031C6U6, STM32C031F4P3, STM32C031F4P6, STM32C031F6P3, STM32C031F6P6, STM32C031G4U3, STM32C031G4U6, STM32C031G6U3, STM32C031G6U6, STM32C031K4T3, STM32C031K4T6, STM32C031K4U3, STM32C031K4U6, STM32C031K6T3, STM32C031K6T6, STM32C031K6U3, STM32C031K6U6, STM32G071K8TXN, STM32G071K8UXN, STM32G081GBU6N, STM32G081KBT6N, STM32G081KBUXN, STM32G0B1CCT6N, STM32G0B1KCT6, STM32G0B1NEY6TR, STM32G0B1RCT6N, STM32G0C1CCT6, STM32G0C1CCT6N, STM32G0C1CCU6N, STM32G0C1CET6N, STM32G0C1CEU6N, STM32G0C1KCT6, STM32G0C1NEY6TR, STM32G0C1RCI6N, STM32G0C1RCT6N, STM32G0C1REI6N, STM32G0C1RET6N, STM32G0C1VCI6, STM32G0C1VEI6, STM32G471CCT6, STM32G471CCU6, STM32G471CET3, STM32G471CET6, STM32G471CEU3, STM32G471CEU6, STM32G471MCT6, STM32G471MET3, STM32G471MET6, STM32G471MEY6TR, STM32G471QCT6, STM32G471QET3, STM32G471RCT6, STM32G471RET3, STM32G471RET6, STM32G471VCH6, STM32G471VCI6, STM32G471VCT6, STM32G471VEH3, STM32G471VEH6, STM32G471VEI3, STM32G471VEI6, STM32G471VET3, STM32G471VET6, STM32G474CCT6, STM32L476VGY6PTR, STM32L4R5QGI6STR, STM32MP131AAE3, STM32MP131AAF3, STM32MP131AAG3, STM32MP131CAE3, STM32MP131CAF3, STM32MP131CAG3, STM32MP131DAE7, STM32MP131DAF7, STM32MP131DAG7, STM32MP131FAE7, STM32MP131FAF7, STM32MP131FAG7, STM32MP133AAE3, STM32MP133AAF3, STM32MP133AAG3, STM32MP133CAE3, STM32MP133CAF3, STM32MP133CAG3, STM32MP133DAE7, STM32MP133DAF7, STM32MP133DAG7, STM32MP133FAE7, STM32MP133FAF7, STM32MP133FAG7, STM32MP135AAE3, STM32MP135AAF3, STM32MP135AAG3, STM32MP135CAE3, STM32MP135CAF3, STM32MP135CAG3, STM32MP135DAE7, STM32MP135DAF7, STM32MP135DAG7, STM32MP135F-DK, STM32MP135FAE7, STM32MP135FAF7, STM32MP135FAG7, STM32U595ZJT6Q, STM32U599BJY6QTR, STM32U599NIH6Q, STM32U599NJH6Q, STM32U5A5ZJT6Q, STM32U5A9BJY6QTR, STM32U5A9NJH6Q, STM32WB1MMCH6]
2023-02-22 14:55:00,582 [INFO] DbMcus:215 - Found 3580 MCUs, 3580 are supported
2023-02-22 14:55:00,584 [INFO] ApiDb:418 - Load user favorites file C:\Users\Anusha/.stm32cubeide/favorites.mcus.txt: 0 item(s)
2023-02-22 14:55:00,584 [INFO] ApiDb:422 - User favorites MCUs=[]
2023-02-22 14:55:00,584 [INFO] DbMcus:221 - Set 0 / 0 favorites MCUs
2023-02-22 14:55:00,706 [WARN] ThirdParty:789 - waiting for thirdparty lock release [change project]
2023-02-22 14:55:00,706 [INFO] ThirdParty:791 - entering critical section [change project]
2023-02-22 14:55:00,707 [INFO] ThirdParty:981 - CMSIS Pack Vendor :STMicroelectronics X-CUBE-ISPU 1.1.0
2023-02-22 14:55:00,707 [INFO] ThirdParty:981 - CMSIS Pack Vendor :RoweBots I-CUBE-UNISONRTOS 5.5.0-4
2023-02-22 14:55:00,707 [INFO] ThirdParty:981 - CMSIS Pack Vendor :STMicroelectronics X-CUBE-GNSS1 6.0.0
2023-02-22 14:55:00,707 [INFO] ThirdParty:981 - CMSIS Pack Vendor :STMicroelectronics X-CUBE-AZRTOS-H7 2.1.0
2023-02-22 14:55:00,707 [INFO] ThirdParty:981 - CMSIS Pack Vendor :STMicroelectronics USB_HOST 2.0.0
2023-02-22 14:55:00,707 [INFO] ThirdParty:981 - CMSIS Pack Vendor :STMicroelectronics X-CUBE-AZRTOS-F4 1.1.0
2023-02-22 14:55:00,707 [INFO] ThirdParty:981 - CMSIS Pack Vendor :STMicroelectronics LIBJPEG 8.0.0
2023-02-22 14:55:00,707 [INFO] ThirdParty:981 - CMSIS Pack Vendor :wolfSSL I-CUBE-wolfSSL 5.4.0
2023-02-22 14:55:00,707 [INFO] ThirdParty:981 - CMSIS Pack Vendor :STMicroelectronics USB_DEVICE 3.0.0
2023-02-22 14:55:00,707 [INFO] ThirdParty:981 - CMSIS Pack Vendor :STMicroelectronics X-CUBE-TOUCHGFX 4.21.1
2023-02-22 14:55:00,707 [INFO] ThirdParty:981 - CMSIS Pack Vendor :STMicroelectronics X-CUBE-TOUCHGFX 4.21.0
2023-02-22 14:55:00,707 [INFO] ThirdParty:981 - CMSIS Pack Vendor :STMicroelectronics X-CUBE-BLEMGR 1.0.0
2023-02-22 14:55:00,707 [INFO] ThirdParty:981 - CMSIS Pack Vendor :STMicroelectronics X-CUBE-BLEMGR 1.2.0
2023-02-22 14:55:00,707 [INFO] ThirdParty:981 - CMSIS Pack Vendor :STMicroelectronics X-CUBE-AZRTOS-F7 1.1.0
2023-02-22 14:55:00,707 [INFO] ThirdParty:981 - CMSIS Pack Vendor :STMicroelectronics X-CUBE-MEMS1 9.4.0
2023-02-22 14:55:00,707 [INFO] ThirdParty:981 - CMSIS Pack Vendor :STMicroelectronics USB_DEVICE 2.0.0
2023-02-22 14:55:00,708 [INFO] ThirdParty:981 - CMSIS Pack Vendor :STMicroelectronics X-CUBE-AI 7.3.0
2023-02-22 14:55:00,708 [INFO] ThirdParty:981 - CMSIS Pack Vendor :STMicroelectronics X-CUBE-BLE1 6.2.3
2023-02-22 14:55:00,708 [INFO] ThirdParty:981 - CMSIS Pack Vendor :STMicroelectronics X-CUBE-ALGOBUILD 1.3.0
2023-02-22 14:55:00,708 [INFO] ThirdParty:981 - CMSIS Pack Vendor :STMicroelectronics X-CUBE-BLE1 6.2.4
2023-02-22 14:55:00,708 [INFO] ThirdParty:981 - CMSIS Pack Vendor :STMicroelectronics X-CUBE-AZRTOS-L5 1.1.0
2023-02-22 14:55:00,708 [INFO] ThirdParty:981 - CMSIS Pack Vendor :STMicroelectronics FreeRTOS 0.0.1
2023-02-22 14:55:00,708 [INFO] ThirdParty:981 - CMSIS Pack Vendor :STMicroelectronics X-CUBE-AZRTOS-G0 1.1.0
2023-02-22 14:55:00,709 [INFO] ThirdParty:981 - CMSIS Pack Vendor :STMicroelectronics X-CUBE-SUBG2 5.0.0
2023-02-22 14:55:00,709 [INFO] ThirdParty:981 - CMSIS Pack Vendor :STMicroelectronics X-CUBE-NFC4 3.0.0
2023-02-22 14:55:00,709 [INFO] ThirdParty:981 - CMSIS Pack Vendor :SEGGER I-CUBE-embOS 1.2.0
2023-02-22 14:55:00,709 [INFO] ThirdParty:981 - CMSIS Pack Vendor :STMicroelectronics STM32_WPAN 1.0.0
2023-02-22 14:55:00,709 [INFO] ThirdParty:981 - CMSIS Pack Vendor :STMicroelectronics lwIP 2.0.3
2023-02-22 14:55:00,709 [INFO] ThirdParty:981 - CMSIS Pack Vendor :STMicroelectronics X-CUBE-NFC4 2.0.5
2023-02-22 14:55:00,709 [INFO] ThirdParty:981 - CMSIS Pack Vendor :STMicroelectronics X-CUBE-NFC4 2.0.4
2023-02-22 14:55:00,709 [INFO] ThirdParty:981 - CMSIS Pack Vendor :STMicroelectronics USB_HOST 1.0.0
2023-02-22 14:55:00,709 [INFO] ThirdParty:981 - CMSIS Pack Vendor :STMicroelectronics PDM2PCM 3.1.0
2023-02-22 14:55:00,709 [INFO] ThirdParty:981 - CMSIS Pack Vendor :STMicroelectronics FP-ATR-ASTRA1 1.1.1
2023-02-22 14:55:00,709 [INFO] ThirdParty:981 - CMSIS Pack Vendor :STMicroelectronics PDM2PCM 3.3.0
2023-02-22 14:55:00,709 [INFO] ThirdParty:981 - CMSIS Pack Vendor :STMicroelectronics X-CUBE-TOF1 3.1.0
2023-02-22 14:55:00,709 [INFO] ThirdParty:981 - CMSIS Pack Vendor :STMicroelectronics FP-ATR-ASTRA1 1.1.0
2023-02-22 14:55:00,709 [INFO] ThirdParty:981 - CMSIS Pack Vendor :STMicroelectronics X-CUBE-DISPLAY 3.0.0
2023-02-22 14:55:00,709 [INFO] ThirdParty:981 - CMSIS Pack Vendor :STMicroelectronics X-CUBE-BLEMGR 1.3.0
2023-02-22 14:55:00,709 [INFO] ThirdParty:981 - CMSIS Pack Vendor :STMicroelectronics X-CUBE-AZRTOS-G4 1.0.0
2023-02-22 14:55:00,709 [INFO] ThirdParty:981 - CMSIS Pack Vendor :STMicroelectronics FP-ATR-SIGFOX1 3.2.0
2023-02-22 14:55:00,709 [INFO] ThirdParty:981 - CMSIS Pack Vendor :STMicroelectronics X-CUBE-AZRTOS-L4 1.0.0
2023-02-22 14:55:00,709 [INFO] ThirdParty:981 - CMSIS Pack Vendor :STMicroelectronics HAL Drivers 0.0.0
2023-02-22 14:55:00,709 [INFO] ThirdParty:981 - CMSIS Pack Vendor :STMicroelectronics MBEDTLS 2.16.2
2023-02-22 14:55:00,709 [INFO] ThirdParty:981 - CMSIS Pack Vendor :emotas I-CUBE-CANOPEN 1.1.2
2023-02-22 14:55:00,709 [INFO] ThirdParty:981 - CMSIS Pack Vendor :STMicroelectronics X-CUBE-TOUCHGFX 4.20.0
2023-02-22 14:55:00,709 [INFO] ThirdParty:981 - CMSIS Pack Vendor :STMicroelectronics MBEDTLS 2.14.1
2023-02-22 14:55:00,709 [INFO] ThirdParty:981 - CMSIS Pack Vendor :STMicroelectronics X-CUBE-NFC7 1.0.0
2023-02-22 14:55:00,709 [INFO] ThirdParty:981 - CMSIS Pack Vendor :STMicroelectronics X-CUBE-AZRTOS-WL 1.0.0
2023-02-22 14:55:00,710 [INFO] ThirdParty:981 - CMSIS Pack Vendor :STMicroelectronics X-CUBE-MEMS1 9.3.0
2023-02-22 14:55:00,710 [INFO] ThirdParty:981 - CMSIS Pack Vendor :portGmbH I-Cube-SoM-uGOAL 1.1.0
2023-02-22 14:55:00,710 [INFO] ThirdParty:981 - CMSIS Pack Vendor :STMicroelectronics X-CUBE-ALS 1.0.1
2023-02-22 14:55:00,710 [INFO] ThirdParty:981 - CMSIS Pack Vendor :STMicroelectronics X-CUBE-AI 7.2.0
2023-02-22 14:55:00,710 [INFO] ThirdParty:981 - CMSIS Pack Vendor :STMicroelectronics X-CUBE-MEMS1 9.5.0
2023-02-22 14:55:00,710 [INFO] ThirdParty:981 - CMSIS Pack Vendor :STMicroelectronics ThreadX 1.0.0
2023-02-22 14:55:00,710 [INFO] ThirdParty:981 - CMSIS Pack Vendor :STMicroelectronics X-CUBE-AZRTOS-WB 1.1.0
2023-02-22 14:55:00,710 [INFO] ThirdParty:981 - CMSIS Pack Vendor :STMicroelectronics X-CUBE-AZRTOS-L5 1.0.0
2023-02-22 14:55:00,710 [INFO] ThirdParty:981 - CMSIS Pack Vendor :STMicroelectronics USB_DEVICE 1.0.0
2023-02-22 14:55:00,710 [INFO] ThirdParty:981 - CMSIS Pack Vendor :STMicroelectronics X-CUBE-EEPRMA1 3.1.1
2023-02-22 14:55:00,710 [INFO] ThirdParty:981 - CMSIS Pack Vendor :STMicroelectronics ThreadX 0.0.2
2023-02-22 14:55:00,710 [INFO] ThirdParty:981 - CMSIS Pack Vendor :STMicroelectronics lwIP 2.1.2
2023-02-22 14:55:00,711 [INFO] ThirdParty:981 - CMSIS Pack Vendor :STMicroelectronics X-CUBE-SFXS2LP1 4.0.0
2023-02-22 14:55:00,711 [INFO] ThirdParty:981 - CMSIS Pack Vendor :STMicroelectronics X-CUBE-BLE2 3.3.0
2023-02-22 14:55:00,711 [INFO] ThirdParty:981 - CMSIS Pack Vendor :STMicroelectronics X-CUBE-DISPLAY 2.2.0
2023-02-22 14:55:00,711 [INFO] ThirdParty:981 - CMSIS Pack Vendor :STMicroelectronics X-CUBE-TOF1 3.2.0
2023-02-22 14:55:00,711 [INFO] ThirdParty:981 - CMSIS Pack Vendor :STMicroelectronics PDM2PCM 3.2.0
2023-02-22 14:55:00,711 [INFO] ThirdParty:981 - CMSIS Pack Vendor :STMicroelectronics X-CUBE-AZRTOS-H7 3.0.0
2023-02-22 14:55:00,711 [INFO] ThirdParty:981 - CMSIS Pack Vendor :STMicroelectronics X-CUBE-ISPU 1.0.0
2023-02-22 14:55:00,711 [INFO] ThirdParty:797 - exiting critical section [change project]
2023-02-22 14:55:01,014 [INFO] PinOutPanel:1468 - setPackage(No Configuration,No Configuration)
2023-02-22 14:55:01,015 [INFO] PinOutPanel:1468 - setPackage(STM32F103C8Tx,LQFP48)
2023-02-22 14:55:01,650 [INFO] UtilMem:74 - Before build in PCC Used Memory: 470552456 Bytes (569376768)
2023-02-22 14:55:02,514 [INFO] UtilMem:74 - After build in PCC Used Memory: 457498552 Bytes (569376768)
2023-02-22 14:55:02,560 [INFO] IPUIPlugin:79 - create IPUIPlugin
2023-02-22 14:55:02,562 [INFO] IPUIPlugin:79 - create IPUIPlugin
2023-02-22 14:55:02,562 [INFO] IPUIPlugin:79 - create IPUIPlugin
2023-02-22 14:55:02,562 [INFO] IPUIPlugin:79 - create IPUIPlugin
2023-02-22 14:55:02,562 [INFO] IPUIPlugin:79 - create IPUIPlugin
2023-02-22 14:55:02,562 [INFO] IPUIPlugin:79 - create IPUIPlugin
2023-02-22 14:55:02,562 [INFO] IPUIPlugin:79 - create IPUIPlugin
2023-02-22 14:55:02,563 [INFO] IPUIPlugin:79 - create IPUIPlugin
2023-02-22 14:55:02,563 [INFO] IPUIPlugin:79 - create IPUIPlugin
2023-02-22 14:55:02,563 [INFO] IPUIPlugin:79 - create IPUIPlugin
2023-02-22 14:55:02,563 [INFO] IPUIPlugin:79 - create IPUIPlugin
2023-02-22 14:55:02,565 [INFO] IPUIPlugin:79 - create IPUIPlugin
2023-02-22 14:55:02,566 [INFO] IPUIPlugin:79 - create IPUIPlugin
2023-02-22 14:55:02,566 [INFO] IPUIPlugin:79 - create IPUIPlugin
2023-02-22 14:55:02,566 [INFO] IPUIPlugin:79 - create IPUIPlugin
2023-02-22 14:55:02,567 [INFO] IPUIPlugin:79 - create IPUIPlugin
2023-02-22 14:55:02,567 [INFO] IPUIPlugin:79 - create IPUIPlugin
2023-02-22 14:55:02,567 [INFO] IPUIPlugin:79 - create IPUIPlugin
2023-02-22 14:55:02,568 [INFO] IPUIPlugin:79 - create IPUIPlugin
2023-02-22 14:55:02,568 [INFO] IPUIPlugin:79 - create IPUIPlugin
2023-02-22 14:55:02,570 [INFO] IPUIPlugin:79 - create IPUIPlugin
2023-02-22 14:55:02,571 [INFO] IPUIPlugin:79 - create IPUIPlugin
2023-02-22 14:55:02,571 [INFO] IPUIPlugin:79 - create IPUIPlugin
2023-02-22 14:55:02,571 [INFO] IPUIPlugin:79 - create IPUIPlugin
2023-02-22 14:55:02,571 [INFO] IPUIPlugin:79 - create IPUIPlugin
2023-02-22 14:55:02,571 [INFO] IPUIPlugin:79 - create IPUIPlugin
2023-02-22 14:55:02,571 [INFO] IPUIPlugin:79 - create IPUIPlugin
2023-02-22 14:55:02,587 [WARN] IP:2111 - I2C_Coeff_DF not found: check if there is a RefParameter without a condition.
2023-02-22 14:55:02,588 [WARN] IP:2111 - Analog_Filter not found: check if there is a RefParameter without a condition.
2023-02-22 14:55:02,884 [INFO] OpenFileManager:327 - Restore cursor
2023-02-22 14:55:03,116 [WARN] IP:2111 - I2C_Coeff_DF not found: check if there is a RefParameter without a condition.
2023-02-22 14:55:03,116 [WARN] IP:2111 - Analog_Filter not found: check if there is a RefParameter without a condition.
2023-02-22 14:55:03,117 [WARN] IP:2111 - I2C_Coeff_DF not found: check if there is a RefParameter without a condition.
2023-02-22 14:55:03,117 [WARN] IP:2111 - Analog_Filter not found: check if there is a RefParameter without a condition.
2023-02-22 17:20:32,685 [INFO] Activator:177 - 


2023-02-22 17:20:32,685 [INFO] Activator:178 - !SESSION log4j initialized
2023-02-22 17:21:02,150 [ERROR] LogOutputStream:74 - [STDERR_REDIRECT] SLF4J: Failed to load class "org.slf4j.impl.StaticLoggerBinder".
2023-02-22 17:21:02,150 [ERROR] LogOutputStream:74 - [STDERR_REDIRECT] SLF4J: Defaulting to no-operation (NOP) logger implementation
2023-02-22 17:21:02,155 [ERROR] LogOutputStream:74 - [STDERR_REDIRECT] SLF4J: See http://www.slf4j.org/codes.html#StaticLoggerBinder for further details.
2023-06-05 17:16:27,908 [INFO] Activator:177 - 


2023-06-05 17:16:27,909 [INFO] Activator:178 - !SESSION log4j initialized
2023-06-05 17:16:56,102 [ERROR] LogOutputStream:74 - [STDERR_REDIRECT] SLF4J: Failed to load class "org.slf4j.impl.StaticLoggerBinder".
2023-06-05 17:16:56,102 [ERROR] LogOutputStream:74 - [STDERR_REDIRECT] SLF4J: Defaulting to no-operation (NOP) logger implementation
2023-06-05 17:16:56,103 [ERROR] LogOutputStream:74 - [STDERR_REDIRECT] SLF4J: See http://www.slf4j.org/codes.html#StaticLoggerBinder for further details.
