2024-03-14 11:26:13,194 [INFO] Activator:177 - 


2024-03-14 11:26:13,194 [INFO] Activator:178 - !SESSION log4j initialized
2024-03-14 11:26:46,843 [INFO] Activator:177 - 


2024-03-14 11:26:46,843 [INFO] Activator:178 - !SESSION log4j initialized
2024-03-14 11:27:32,721 [ERROR] LogOutputStream:74 - [STDERR_REDIRECT] SLF4J: Failed to load class "org.slf4j.impl.StaticLoggerBinder".
2024-03-14 11:27:32,721 [ERROR] LogOutputStream:74 - [STDERR_REDIRECT] SLF4J: Defaulting to no-operation (NOP) logger implementation
2024-03-14 11:27:32,721 [ERROR] LogOutputStream:74 - [STDERR_REDIRECT] SLF4J: See http://www.slf4j.org/codes.html#StaticLoggerBinder for further details.
2024-03-14 14:21:54,021 [INFO] Activator:177 - 


2024-03-14 14:21:54,021 [INFO] Activator:178 - !SESSION log4j initialized
2024-03-14 14:22:04,661 [ERROR] ConfigurationRetriever:139 - IOException on connection: Read timed out
2024-03-14 14:22:25,494 [ERROR] LogOutputStream:74 - [STDERR_REDIRECT] SLF4J: Failed to load class "org.slf4j.impl.StaticLoggerBinder".
2024-03-14 14:22:25,494 [ERROR] LogOutputStream:74 - [STDERR_REDIRECT] SLF4J: Defaulting to no-operation (NOP) logger implementation
2024-03-14 14:22:25,494 [ERROR] LogOutputStream:74 - [STDERR_REDIRECT] SLF4J: See http://www.slf4j.org/codes.html#StaticLoggerBinder for further details.
2024-03-14 14:25:33,988 [INFO] Activator:177 - 


2024-03-14 14:25:33,988 [INFO] Activator:178 - !SESSION log4j initialized
2024-03-14 14:26:11,293 [ERROR] LogOutputStream:74 - [STDERR_REDIRECT] SLF4J: Failed to load class "org.slf4j.impl.StaticLoggerBinder".
2024-03-14 14:26:11,293 [ERROR] LogOutputStream:74 - [STDERR_REDIRECT] SLF4J: Defaulting to no-operation (NOP) logger implementation
2024-03-14 14:26:11,293 [ERROR] LogOutputStream:74 - [STDERR_REDIRECT] SLF4J: See http://www.slf4j.org/codes.html#StaticLoggerBinder for further details.
2024-03-14 15:49:01,989 [INFO] McuFinderGlobals:44 - Set McuFinder mode to 2 (CubeIDE integrated)
2024-03-14 15:49:03,460 [INFO] ApplicationProperties:181 - Using Application install path: C:\ST\STM32CubeIDE_1.10.1\STM32CubeIDE\plugins\com.st.stm32cube.common.mx_6.6.1.202207061420
2024-03-14 15:49:03,473 [INFO] DbMcusXml:77 - Set database path to: C:\ST\STM32CubeIDE_1.10.1\STM32CubeIDE\plugins\com.st.stm32cube.common.mx_6.6.1.202207061420\\db\/mcu/
2024-03-14 15:49:03,473 [INFO] ApiDb:269 - Set plugin database path to: C:\ST\STM32CubeIDE_1.10.1\STM32CubeIDE\plugins\com.st.stm32cube.common.mx_6.6.1.202207061420\\db\/plugins/boardmanager/
2024-03-14 15:49:03,473 [WARN] ApiDb:254 - Overriding images path with different value:  => C:\ST\STM32CubeIDE_1.10.1\STM32CubeIDE\plugins\com.st.stm32cube.common.mx_6.6.1.202207061420\\db\/plugins/mcufinder/images/
2024-03-14 15:49:03,492 [INFO] ApiDb:249 - Set database path to: C:\Users\Thirupathi\.stmcufinder\plugins\mcufinder//mcu/
2024-03-14 15:49:03,492 [INFO] DbMcusAds:124 - Set database path to: C:\Users\Thirupathi\.stmcufinder\plugins\mcufinder//mcu/
2024-03-14 15:49:03,542 [INFO] CrossReferenceDbSqlite:201 - Set database path to: C:\Users\Thirupathi\.stmcufinder\plugins\mcufinder//mcu/cs/
2024-03-14 15:49:03,637 [INFO] RulesReader:61 - Compatibility file has been processed (282 Rules)
2024-03-14 15:49:03,722 [INFO] DbMcusXml:77 - Set database path to: C:\ST\STM32CubeIDE_1.10.1\STM32CubeIDE\plugins\com.st.stm32cube.common.mx_6.6.1.202207061420\\db\/mcu/
2024-03-14 15:49:03,722 [INFO] ApiDb:269 - Set plugin database path to: C:\ST\STM32CubeIDE_1.10.1\STM32CubeIDE\plugins\com.st.stm32cube.common.mx_6.6.1.202207061420\\db\/plugins/boardmanager/
2024-03-14 15:49:03,722 [INFO] ApiDb:256 - Set plugin images path to: C:\ST\STM32CubeIDE_1.10.1\STM32CubeIDE\plugins\com.st.stm32cube.common.mx_6.6.1.202207061420\\db\/plugins/mcufinder/images/
2024-03-14 15:49:03,722 [WARN] DbFile:40 - Overriding database path with different value: C:\Users\Thirupathi\.stmcufinder\plugins\mcufinder/ => C:\Users\Thirupathi\.stmcufinder\plugins\mcufinder
2024-03-14 15:49:03,722 [INFO] ApiDb:249 - Set database path to: C:\Users\Thirupathi\.stmcufinder\plugins\mcufinder//mcu/
2024-03-14 15:49:03,722 [WARN] DbFile:40 - Overriding database path with different value: C:\Users\Thirupathi\.stmcufinder\plugins\mcufinder/ => C:\Users\Thirupathi\.stmcufinder\plugins\mcufinder
2024-03-14 15:49:03,722 [INFO] DbMcusAds:124 - Set database path to: C:\Users\Thirupathi\.stmcufinder\plugins\mcufinder//mcu/
2024-03-14 15:49:03,722 [WARN] DbFile:40 - Overriding database path with different value: C:\Users\Thirupathi\.stmcufinder\plugins\mcufinder/ => C:\Users\Thirupathi\.stmcufinder\plugins\mcufinder
2024-03-14 15:49:03,722 [WARN] DbFile:40 - Overriding database path with different value: C:\Users\Thirupathi\.stmcufinder\plugins\mcufinder/ => C:\Users\Thirupathi\.stmcufinder\plugins\mcufinder
2024-03-14 15:49:03,722 [INFO] CrossReferenceDbSqlite:201 - Set database path to: C:\Users\Thirupathi\.stmcufinder\plugins\mcufinder//mcu/cs/
2024-03-14 15:49:03,790 [INFO] MainPanel:242 - HeapMemory: 551550976
2024-03-14 15:49:03,853 [INFO] DbMcusXml:77 - Set database path to: C:\ST\STM32CubeIDE_1.10.1\STM32CubeIDE\plugins\com.st.stm32cube.common.mx_6.6.1.202207061420\\db\/mcu/
2024-03-14 15:49:03,853 [INFO] ApiDb:269 - Set plugin database path to: C:\ST\STM32CubeIDE_1.10.1\STM32CubeIDE\plugins\com.st.stm32cube.common.mx_6.6.1.202207061420\\db\/plugins/boardmanager/
2024-03-14 15:49:03,853 [INFO] ApiDb:256 - Set plugin images path to: C:\ST\STM32CubeIDE_1.10.1\STM32CubeIDE\plugins\com.st.stm32cube.common.mx_6.6.1.202207061420\\db\/plugins/mcufinder/images/
2024-03-14 15:49:03,853 [WARN] DbFile:40 - Overriding database path with different value: C:\Users\Thirupathi\.stmcufinder\plugins\mcufinder/ => C:\Users\Thirupathi\.stmcufinder\plugins\mcufinder
2024-03-14 15:49:03,853 [INFO] ApiDb:249 - Set database path to: C:\Users\Thirupathi\.stmcufinder\plugins\mcufinder//mcu/
2024-03-14 15:49:03,853 [WARN] DbFile:40 - Overriding database path with different value: C:\Users\Thirupathi\.stmcufinder\plugins\mcufinder/ => C:\Users\Thirupathi\.stmcufinder\plugins\mcufinder
2024-03-14 15:49:03,853 [INFO] DbMcusAds:124 - Set database path to: C:\Users\Thirupathi\.stmcufinder\plugins\mcufinder//mcu/
2024-03-14 15:49:03,853 [WARN] DbFile:40 - Overriding database path with different value: C:\Users\Thirupathi\.stmcufinder\plugins\mcufinder/ => C:\Users\Thirupathi\.stmcufinder\plugins\mcufinder
2024-03-14 15:49:03,853 [WARN] DbFile:40 - Overriding database path with different value: C:\Users\Thirupathi\.stmcufinder\plugins\mcufinder/ => C:\Users\Thirupathi\.stmcufinder\plugins\mcufinder
2024-03-14 15:49:03,853 [INFO] CrossReferenceDbSqlite:201 - Set database path to: C:\Users\Thirupathi\.stmcufinder\plugins\mcufinder//mcu/cs/
2024-03-14 15:49:03,888 [INFO] ApplicationProperties:181 - Using Application install path: C:\ST\STM32CubeIDE_1.10.1\STM32CubeIDE\plugins\com.st.stm32cube.common.mx_6.6.1.202207061420
2024-03-14 15:49:03,890 [INFO] PluginManage:193 - Search for loadable plugins [exclusion list=, ]
2024-03-14 15:49:03,892 [INFO] PluginManage:307 - Check plugin analytics
2024-03-14 15:49:04,070 [INFO] AnalyticsPlugin:262 - Accepted Software Licenses: 
2024-03-14 15:49:04,072 [INFO] AnalyticsPlugin:264 - Accepted CMSIS Pack Licenses: 
2024-03-14 15:49:04,072 [INFO] AnalyticsPlugin:266 - Accepted Firmware Licenses: FW.WB.1.14.0,FW.F4.1.27.0,FW.WB.1.16.0
2024-03-14 15:49:04,072 [INFO] PluginManage:356 - Loaded plugin analytics (category:tool,tabindex:-1)
2024-03-14 15:49:04,072 [INFO] PluginManage:307 - Check plugin cadmodel
2024-03-14 15:49:04,086 [INFO] CADModel:65 - Init CAD model plugin
2024-03-14 15:49:04,087 [INFO] PluginManage:356 - Loaded plugin cadmodel (category:power,tabindex:5)
2024-03-14 15:49:04,087 [INFO] PluginManage:307 - Check plugin clock
2024-03-14 15:49:04,092 [INFO] PluginManage:356 - Loaded plugin clock (category:base,tabindex:2)
2024-03-14 15:49:04,092 [INFO] PluginManage:307 - Check plugin ddr
2024-03-14 15:49:04,092 [INFO] PluginManage:356 - Loaded plugin ddr (category:tool,tabindex:6)
2024-03-14 15:49:04,102 [INFO] PluginManage:307 - Check plugin filemanager
2024-03-14 15:49:04,239 [INFO] PluginManage:356 - Loaded plugin filemanager (category:base,tabindex:10)
2024-03-14 15:49:04,239 [INFO] PluginManage:307 - Check plugin ipmanager
2024-03-14 15:49:04,239 [INFO] PluginManage:356 - Loaded plugin ipmanager (category:base,tabindex:5)
2024-03-14 15:49:04,239 [INFO] PluginManage:307 - Check plugin lpbam
2024-03-14 15:49:04,254 [INFO] PluginManage:356 - Loaded plugin lpbam (category:base,tabindex:0)
2024-03-14 15:49:04,254 [INFO] PluginManage:307 - Check plugin pinoutandconfiguration
2024-03-14 15:49:04,254 [INFO] PluginManage:356 - Loaded plugin pinoutandconfiguration (category:base,tabindex:1)
2024-03-14 15:49:04,254 [INFO] PluginManage:307 - Check plugin pinoutconfig
2024-03-14 15:49:04,302 [INFO] PluginManage:356 - Loaded plugin pinoutconfig (category:base,tabindex:0)
2024-03-14 15:49:04,302 [INFO] PluginManage:307 - Check plugin power
2024-03-14 15:49:04,302 [INFO] PluginManage:356 - Loaded plugin power (category:power,tabindex:4)
2024-03-14 15:49:04,302 [INFO] PluginManage:307 - Check plugin projectmanager
2024-03-14 15:49:04,318 [INFO] PluginManage:356 - Loaded plugin projectmanager (category:projectmanager,tabindex:3)
2024-03-14 15:49:04,318 [INFO] PluginManage:307 - Check plugin thirdparty
2024-03-14 15:49:04,467 [WARN] IntegrityCheckThread:82 - waiting for thirdparty lock release [integrity check]
2024-03-14 15:49:04,468 [INFO] PluginManage:356 - Loaded plugin thirdparty (category:base,tabindex:-1)
2024-03-14 15:49:04,469 [INFO] IntegrityCheckThread:84 - entering critical section [integrity check]
2024-03-14 15:49:04,470 [INFO] PluginManage:307 - Check plugin tools
2024-03-14 15:49:04,471 [INFO] ThirdPartyUpdaterWithRetryManager:70 - Updater plugin not ready yet. [1/15]
2024-03-14 15:49:04,472 [INFO] PluginManage:356 - Loaded plugin tools (category:base,tabindex:7)
2024-03-14 15:49:04,472 [INFO] PluginManage:307 - Check plugin tutovideos
2024-03-14 15:49:04,636 [INFO] PluginManage:356 - Loaded plugin tutovideos (category:base,tabindex:-1)
2024-03-14 15:49:04,636 [INFO] PluginManage:307 - Check plugin updater
2024-03-14 15:49:04,652 [INFO] PluginManage:356 - Loaded plugin updater (category:base,tabindex:12)
2024-03-14 15:49:04,652 [INFO] PluginManage:280 - PluginManage : Loaded plugins [15]
2024-03-14 15:49:04,838 [INFO] PinOutPanel:1468 - setPackage(No Configuration,No Configuration)
2024-03-14 15:49:04,893 [INFO] CADModel:98 - CPN selected for project level
2024-03-14 15:49:04,901 [INFO] IPUIPlugin:79 - create IPUIPlugin
2024-03-14 15:49:04,901 [INFO] PluginManager:217 - loadIPPluginJar : add adc
2024-03-14 15:49:04,901 [INFO] IPUIPlugin:79 - create IPUIPlugin
2024-03-14 15:49:04,901 [INFO] PluginManager:217 - loadIPPluginJar : add aes
2024-03-14 15:49:04,917 [INFO] IPUIPlugin:79 - create IPUIPlugin
2024-03-14 15:49:04,917 [INFO] PluginManager:217 - loadIPPluginJar : add can
2024-03-14 15:49:04,917 [INFO] IPUIPlugin:79 - create IPUIPlugin
2024-03-14 15:49:04,917 [INFO] PluginManager:217 - loadIPPluginJar : add comp
2024-03-14 15:49:04,917 [INFO] IPUIPlugin:79 - create IPUIPlugin
2024-03-14 15:49:04,917 [INFO] PluginManager:217 - loadIPPluginJar : add cryp
2024-03-14 15:49:04,917 [INFO] IPUIPlugin:79 - create IPUIPlugin
2024-03-14 15:49:04,917 [INFO] PluginManager:217 - loadIPPluginJar : add dfsdm
2024-03-14 15:49:04,917 [INFO] IPUIPlugin:79 - create IPUIPlugin
2024-03-14 15:49:04,917 [INFO] PluginManager:217 - loadIPPluginJar : add dma
2024-03-14 15:49:04,917 [INFO] IPUIPlugin:79 - create IPUIPlugin
2024-03-14 15:49:04,917 [INFO] PluginManager:217 - loadIPPluginJar : add dma3
2024-03-14 15:49:04,932 [INFO] IPUIPlugin:79 - create IPUIPlugin
2024-03-14 15:49:04,932 [INFO] PluginManager:217 - loadIPPluginJar : add fatfs
2024-03-14 15:49:04,936 [INFO] IPUIPlugin:79 - create IPUIPlugin
2024-03-14 15:49:04,936 [INFO] PluginManager:217 - loadIPPluginJar : add fmc
2024-03-14 15:49:04,937 [INFO] IPUIPlugin:79 - create IPUIPlugin
2024-03-14 15:49:04,937 [INFO] PluginManager:217 - loadIPPluginJar : add freertos
2024-03-14 15:49:04,937 [INFO] IPUIPlugin:79 - create IPUIPlugin
2024-03-14 15:49:04,937 [INFO] PluginManager:217 - loadIPPluginJar : add genericplugin
2024-03-14 15:49:04,937 [INFO] IPUIPlugin:79 - create IPUIPlugin
2024-03-14 15:49:04,937 [INFO] PluginManager:217 - loadIPPluginJar : add gfxmmu
2024-03-14 15:49:04,937 [INFO] IPUIPlugin:79 - create IPUIPlugin
2024-03-14 15:49:04,937 [INFO] PluginManager:217 - loadIPPluginJar : add gic
2024-03-14 15:49:04,937 [INFO] IPUIPlugin:79 - create IPUIPlugin
2024-03-14 15:49:04,937 [INFO] PluginManager:217 - loadIPPluginJar : add gpio
2024-03-14 15:49:04,954 [INFO] IPUIPlugin:79 - create IPUIPlugin
2024-03-14 15:49:04,954 [INFO] PluginManager:217 - loadIPPluginJar : add gtzc
2024-03-14 15:49:04,954 [INFO] IPUIPlugin:79 - create IPUIPlugin
2024-03-14 15:49:04,954 [INFO] PluginManager:217 - loadIPPluginJar : add hash
2024-03-14 15:49:04,954 [INFO] IPUIPlugin:79 - create IPUIPlugin
2024-03-14 15:49:04,954 [INFO] PluginManager:217 - loadIPPluginJar : add i2c
2024-03-14 15:49:04,954 [INFO] IPUIPlugin:79 - create IPUIPlugin
2024-03-14 15:49:04,954 [INFO] PluginManager:217 - loadIPPluginJar : add i2s
2024-03-14 15:49:04,954 [INFO] IPUIPlugin:79 - create IPUIPlugin
2024-03-14 15:49:04,954 [INFO] PluginManager:217 - loadIPPluginJar : add ipddr
2024-03-14 15:49:04,954 [INFO] IPUIPlugin:79 - create IPUIPlugin
2024-03-14 15:49:04,954 [INFO] PluginManager:217 - loadIPPluginJar : add linkedlist
2024-03-14 15:49:04,969 [INFO] IPUIPlugin:79 - create IPUIPlugin
2024-03-14 15:49:04,969 [INFO] PluginManager:217 - loadIPPluginJar : add lorawan
2024-03-14 15:49:04,969 [INFO] IPUIPlugin:79 - create IPUIPlugin
2024-03-14 15:49:04,969 [INFO] PluginManager:217 - loadIPPluginJar : add ltdc
2024-03-14 15:49:04,969 [INFO] IPUIPlugin:79 - create IPUIPlugin
2024-03-14 15:49:04,969 [INFO] PluginManager:217 - loadIPPluginJar : add mdma
2024-03-14 15:49:04,969 [INFO] IPUIPlugin:79 - create IPUIPlugin
2024-03-14 15:49:04,969 [INFO] PluginManager:217 - loadIPPluginJar : add nvic
2024-03-14 15:49:04,969 [INFO] IPUIPlugin:79 - create IPUIPlugin
2024-03-14 15:49:04,969 [INFO] PluginManager:217 - loadIPPluginJar : add opamp
2024-03-14 15:49:04,985 [INFO] IPUIPlugin:79 - create IPUIPlugin
2024-03-14 15:49:04,985 [INFO] PluginManager:217 - loadIPPluginJar : add openamp
2024-03-14 15:49:04,985 [INFO] IPUIPlugin:79 - create IPUIPlugin
2024-03-14 15:49:04,985 [INFO] PluginManager:217 - loadIPPluginJar : add pdm2pcm
2024-03-14 15:49:04,993 [INFO] IPUIPlugin:79 - create IPUIPlugin
2024-03-14 15:49:04,993 [INFO] PluginManager:217 - loadIPPluginJar : add plateformsettings
2024-03-14 15:49:05,001 [INFO] IPUIPlugin:79 - create IPUIPlugin
2024-03-14 15:49:05,001 [INFO] PluginManager:217 - loadIPPluginJar : add quadspi
2024-03-14 15:49:05,001 [INFO] IPUIPlugin:79 - create IPUIPlugin
2024-03-14 15:49:05,001 [INFO] PluginManager:217 - loadIPPluginJar : add resmgrutility
2024-03-14 15:49:05,001 [INFO] IPUIPlugin:79 - create IPUIPlugin
2024-03-14 15:49:05,001 [INFO] PluginManager:217 - loadIPPluginJar : add sai
2024-03-14 15:49:05,001 [INFO] IPUIPlugin:79 - create IPUIPlugin
2024-03-14 15:49:05,001 [INFO] PluginManager:217 - loadIPPluginJar : add spi
2024-03-14 15:49:05,001 [INFO] IPUIPlugin:79 - create IPUIPlugin
2024-03-14 15:49:05,001 [INFO] PluginManager:217 - loadIPPluginJar : add stm32_wpan
2024-03-14 15:49:05,001 [INFO] IPUIPlugin:79 - create IPUIPlugin
2024-03-14 15:49:05,001 [INFO] PluginManager:217 - loadIPPluginJar : add tim
2024-03-14 15:49:05,016 [INFO] IPUIPlugin:79 - create IPUIPlugin
2024-03-14 15:49:05,016 [INFO] PluginManager:217 - loadIPPluginJar : add touchsensing
2024-03-14 15:49:05,016 [INFO] IPUIPlugin:79 - create IPUIPlugin
2024-03-14 15:49:05,016 [INFO] PluginManager:217 - loadIPPluginJar : add tracer_emb
2024-03-14 15:49:05,016 [INFO] IPUIPlugin:79 - create IPUIPlugin
2024-03-14 15:49:05,016 [INFO] PluginManager:217 - loadIPPluginJar : add ts
2024-03-14 15:49:05,016 [INFO] IPUIPlugin:79 - create IPUIPlugin
2024-03-14 15:49:05,016 [INFO] PluginManager:217 - loadIPPluginJar : add tsc
2024-03-14 15:49:05,016 [INFO] IPUIPlugin:79 - create IPUIPlugin
2024-03-14 15:49:05,016 [INFO] PluginManager:217 - loadIPPluginJar : add ucpd
2024-03-14 15:49:05,016 [INFO] IPUIPlugin:79 - create IPUIPlugin
2024-03-14 15:49:05,016 [INFO] PluginManager:217 - loadIPPluginJar : add usart
2024-03-14 15:49:05,016 [INFO] IPUIPlugin:79 - create IPUIPlugin
2024-03-14 15:49:05,016 [INFO] PluginManager:217 - loadIPPluginJar : add usbx
2024-03-14 15:49:05,297 [FATAL] Updater:301 - Updater called before beeing initialized
2024-03-14 15:49:05,431 [FATAL] Updater:301 - Updater called before beeing initialized
2024-03-14 15:49:05,431 [INFO] DbMcusAds:52 - JSON generation date=Wed Nov 29 16:22:27 IST 2023 (1701255147349)
2024-03-14 15:49:05,431 [FATAL] Updater:301 - Updater called before beeing initialized
2024-03-14 15:49:05,462 [WARN] DetailPanel:344 - Failed to get advertising image, set to default
2024-03-14 15:49:05,577 [FATAL] Updater:301 - Updater called before beeing initialized
2024-03-14 15:49:05,577 [FATAL] Updater:301 - Updater called before beeing initialized
2024-03-14 15:49:05,577 [FATAL] Updater:301 - Updater called before beeing initialized
2024-03-14 15:49:05,577 [WARN] DetailPanel:344 - Failed to get advertising image, set to default
2024-03-14 15:49:05,577 [FATAL] Updater:301 - Updater called before beeing initialized
2024-03-14 15:49:05,679 [ERROR] Updater:1105 - MainUpdater not yet initialized. External WinMGr cannot be set.
2024-03-14 15:49:05,679 [INFO] Updater:1041 - Updater Version found : 6.6.1
2024-03-14 15:49:05,695 [INFO] ApplicationProperties:181 - Using Application install path: C:\ST\STM32CubeIDE_1.10.1\STM32CubeIDE\plugins\com.st.stm32cube.common.mx_6.6.1.202207061420
2024-03-14 15:49:05,862 [INFO] MainUpdater:2768 - connection check result : 10
2024-03-14 15:49:05,862 [INFO] MainUpdater:280 - Updater Check For Update Now.
2024-03-14 15:49:05,862 [INFO] MicroXplorer:481 - Change Database Version : DB.6.0.60
2024-03-14 15:49:06,041 [INFO] CheckServerUpdateThread:119 - End of CheckServer Thread
2024-03-14 15:49:06,072 [INFO] MainUpdater:2768 - connection check result : 10
2024-03-14 15:49:06,072 [INFO] MainUpdater:2768 - connection check result : 10
2024-03-14 15:49:06,109 [INFO] MicroXplorer:451 - Change Database Path : 
2024-03-14 15:49:06,109 [INFO] MicroXplorer:481 - Change Database Version : DB.6.0.60
2024-03-14 15:49:06,109 [WARN] ThirdParty:827 - waiting for thirdparty lock release [close project]
2024-03-14 15:49:07,598 [WARN] PackLoader:242 - Cannot read IP mode file for STMicroelectronics.X-CUBE-SMBUS.2.1.0
2024-03-14 15:49:07,613 [WARN] PackLoader:242 - Cannot read IP mode file for STMicroelectronics.X-CUBE-TOUCHGFX.4.23.0
2024-03-14 15:49:07,629 [WARN] PackLoader:242 - Cannot read IP mode file for STMicroelectronics.X-CUBE-AZRTOS-F7.1.1.0
2024-03-14 15:49:07,629 [ERROR] RealEvaluatedCondition:433 - Found unsupported composite condition: CLASS='Data Exchange' GROUP='STM32_MetaDataManager'
2024-03-14 15:49:07,629 [ERROR] RealEvaluatedCondition:433 - Found unsupported composite condition: GROUP='STM32_MetaDataManager' CLASS='Data Exchange'
2024-03-14 15:49:07,629 [WARN] PackLoader:242 - Cannot read IP mode file for STMicroelectronics.FP-SNS-MOTENV1.4.3.0
2024-03-14 15:49:07,644 [WARN] PackLoader:242 - Cannot read IP mode file for STMicroelectronics.FP-SNS-MOTENV1.4.3.2
2024-03-14 15:49:07,644 [WARN] PackLoader:242 - Cannot read IP mode file for STMicroelectronics.FP-SNS-FLIGHT1.5.0.0
2024-03-14 15:49:07,644 [ERROR] RealEvaluatedCondition:433 - Found unsupported composite condition: CLASS='Data Exchange' GROUP='STM32_MetaDataManager'
2024-03-14 15:49:07,644 [ERROR] RealEvaluatedCondition:433 - Found unsupported composite condition: GROUP='STM32_MetaDataManager' CLASS='Data Exchange'
2024-03-14 15:49:07,644 [WARN] PackLoader:242 - Cannot read IP mode file for STMicroelectronics.FP-SNS-MOTENV1.4.3.1
2024-03-14 15:49:07,660 [WARN] PackLoader:242 - Cannot read IP mode file for STMicroelectronics.FP-SNS-FLIGHT1.5.0.1
2024-03-14 15:49:07,676 [WARN] PackLoader:242 - Cannot read IP mode file for STMicroelectronics.X-CUBE-BLE1.6.2.4
2024-03-14 15:49:07,676 [WARN] PackLoader:242 - Cannot read IP mode file for STMicroelectronics.FP-SNS-FLIGHT1.5.0.2
2024-03-14 15:49:07,676 [WARN] PackLoader:242 - Cannot read IP mode file for STMicroelectronics.X-CUBE-DISPLAY.3.0.0
2024-03-14 15:49:07,691 [WARN] PackLoader:242 - Cannot read IP mode file for STMicroelectronics.X-CUBE-BLE1.7.0.0
2024-03-14 15:49:07,691 [WARN] PackLoader:242 - Cannot read IP mode file for STMicroelectronics.X-CUBE-TOUCHGFX.4.22.0
2024-03-14 15:49:07,698 [WARN] PackLoader:242 - Cannot read IP mode file for STMicroelectronics.X-CUBE-TOUCHGFX.4.22.1
2024-03-14 15:49:07,709 [WARN] PackLoader:242 - Cannot read IP mode file for STMicroelectronics.X-CUBE-BLEMGR.3.1.0
2024-03-14 15:49:07,713 [WARN] PackLoader:242 - Cannot read IP mode file for STMicroelectronics.FP-SNS-SMARTAG2.1.2.0
2024-03-14 15:49:07,713 [INFO] LogOutputStream:76 - [STDOUT_REDIRECT] 1 : Invalid condition id : UX_CORESTACK_Condition cause : null
2024-03-14 15:49:07,713 [INFO] LogOutputStream:76 - [STDOUT_REDIRECT] 1 : Invalid condition id : UX_CORESTACK_Condition cause : null
2024-03-14 15:49:07,713 [INFO] LogOutputStream:76 - [STDOUT_REDIRECT] 1 : Invalid condition id : UX_CORESTACK_Condition cause : null
2024-03-14 15:49:07,713 [INFO] LogOutputStream:76 - [STDOUT_REDIRECT] 1 : Invalid condition id : UX_CORESTACK_Condition cause : null
2024-03-14 15:49:07,713 [INFO] LogOutputStream:76 - [STDOUT_REDIRECT] 1 : Invalid condition id : UX_CORESTACK_Condition cause : null
2024-03-14 15:49:07,728 [WARN] PackLoader:242 - Cannot read IP mode file for STMicroelectronics.X-CUBE-AZRTOS-WL.2.0.0
2024-03-14 15:49:07,728 [WARN] PackLoader:242 - Cannot read IP mode file for WES.I-CUBE-Cesium.1.3.0
2024-03-14 15:49:07,728 [WARN] PackLoader:242 - Cannot read IP mode file for STMicroelectronics.X-CUBE-BLE2.3.3.0
2024-03-14 15:49:07,728 [WARN] PackLoader:242 - Cannot read IP mode file for STMicroelectronics.X-CUBE-TOUCHGFX.4.21.3
2024-03-14 15:49:07,728 [WARN] PackLoader:242 - Cannot read IP mode file for STMicroelectronics.X-CUBE-TOUCHGFX.4.21.4
2024-03-14 15:49:07,743 [WARN] PackLoader:242 - Cannot read IP mode file for STMicroelectronics.X-CUBE-ALGOBUILD.1.3.0
2024-03-14 15:49:07,759 [WARN] PackLoader:242 - Cannot read IP mode file for STMicroelectronics.X-CUBE-AZRTOS-G0.1.1.0
2024-03-14 15:49:07,774 [WARN] PackLoader:242 - Cannot read IP mode file for STMicroelectronics.X-CUBE-NFC4.3.0.0
2024-03-14 15:49:07,774 [WARN] PackLoader:242 - Cannot read IP mode file for STMicroelectronics.X-CUBE-BLEMGR.3.0.0
2024-03-14 15:49:07,790 [WARN] PackLoader:242 - Cannot read IP mode file for STMicroelectronics.FP-ATR-SIGFOX1.3.2.0
2024-03-14 15:49:07,797 [WARN] PackLoader:242 - Cannot read IP mode file for STMicroelectronics.X-CUBE-EEPRMA1.5.1.0
2024-03-14 15:49:07,829 [WARN] PackLoader:242 - Cannot read IP mode file for SEGGER.I-CUBE-embOS.1.3.1
2024-03-14 15:49:07,897 [WARN] PackLoader:242 - Cannot read IP mode file for STMicroelectronics.X-CUBE-GNSS1.6.0.0
2024-03-14 15:49:07,923 [WARN] PackLoader:242 - Cannot read IP mode file for STMicroelectronics.X-CUBE-AZRTOS-F4.1.1.0
2024-03-14 15:49:07,923 [WARN] PackLoader:242 - Cannot read IP mode file for wolfSSL.I-CUBE-wolfSSL.5.6.0
2024-03-14 15:49:07,947 [WARN] PackLoader:242 - Cannot read IP mode file for STMicroelectronics.X-CUBE-AZRTOS-L5.2.0.0
2024-03-14 15:49:08,010 [WARN] PackLoader:242 - Cannot read IP mode file for STMicroelectronics.X-CUBE-MEMS1.9.6.0
2024-03-14 15:49:08,198 [WARN] PackLoader:242 - Cannot read IP mode file for STMicroelectronics.X-CUBE-EEPRMA1.4.2.0
2024-03-14 15:49:08,215 [WARN] PackLoader:242 - Cannot read IP mode file for ITTIA_DB.I-CUBE-ITTIADB.8.8.0
2024-03-14 15:49:08,215 [WARN] PackLoader:242 - Cannot read IP mode file for emotas.I-CUBE-CANOPEN.1.1.3
2024-03-14 15:49:08,232 [WARN] PackLoader:242 - Cannot read IP mode file for STMicroelectronics.X-CUBE-BLEMGR.2.0.0
2024-03-14 15:49:08,280 [WARN] ConditionMgr:437 - getConditionDescription Invalid condition id : UX DEVICE CLASS RTOS Condition cause : null
2024-03-14 15:49:08,280 [WARN] ConditionMgr:437 - getConditionDescription Invalid condition id : UX DEVICE CLASS RTOS Condition cause : null
2024-03-14 15:49:08,286 [WARN] PackLoader:242 - Cannot read IP mode file for STMicroelectronics.X-CUBE-AZRTOS-H7.3.1.0
2024-03-14 15:49:08,287 [WARN] ConditionMgr:1038 - genDependencies : Invalid condition id : UX DEVICE CLASS RTOS Condition cause : null
2024-03-14 15:49:08,287 [WARN] ConditionMgr:1038 - genDependencies : Invalid condition id : UX DEVICE CLASS RTOS Condition cause : null
2024-03-14 15:49:08,287 [WARN] ConditionMgr:1038 - genDependencies : Invalid condition id : UX DEVICE CLASS RTOS Condition cause : null
2024-03-14 15:49:08,287 [WARN] ConditionMgr:1038 - genDependencies : Invalid condition id : UX DEVICE CLASS RTOS Condition cause : null
2024-03-14 15:49:08,287 [WARN] ConditionMgr:1038 - genDependencies : Invalid condition id : UX DEVICE CLASS RTOS Condition cause : null
2024-03-14 15:49:08,287 [WARN] PackLoader:242 - Cannot read IP mode file for STMicroelectronics.X-CUBE-NFC7.1.0.1
2024-03-14 15:49:08,298 [WARN] PackLoader:242 - Cannot read IP mode file for STMicroelectronics.X-CUBE-NFC7.1.0.0
2024-03-14 15:49:08,303 [WARN] PackLoader:242 - Cannot read IP mode file for STMicroelectronics.X-CUBE-NFC6.3.0.0
2024-03-14 15:49:08,320 [WARN] PackLoader:242 - Cannot read IP mode file for STMicroelectronics.X-CUBE-EEPRMA1.4.1.0
2024-03-14 15:49:08,320 [WARN] PackLoader:242 - Cannot read IP mode file for STMicroelectronics.X-CUBE-AI.8.1.0
2024-03-14 15:49:08,334 [WARN] ConditionMgr:437 - getConditionDescription Invalid condition id : LAN8742 Phy interface Condition cause : null
2024-03-14 15:49:08,334 [WARN] PackLoader:242 - Cannot read IP mode file for STMicroelectronics.X-CUBE-AZRTOS-L4.2.0.0
2024-03-14 15:49:08,334 [WARN] ConditionMgr:1038 - genDependencies : Invalid condition id : LAN8742 Phy interface Condition cause : null
2024-03-14 15:49:08,334 [WARN] ConditionMgr:1038 - genDependencies : Invalid condition id : LAN8742 Phy interface Condition cause : null
2024-03-14 15:49:08,334 [WARN] ConditionMgr:1038 - genDependencies : Invalid condition id : LAN8742 Phy interface Condition cause : null
2024-03-14 15:49:08,350 [WARN] PackLoader:242 - Cannot read IP mode file for STMicroelectronics.X-CUBE-SFXS2LP1.4.0.0
2024-03-14 15:49:08,350 [WARN] PackLoader:242 - Cannot read IP mode file for STMicroelectronics.X-CUBE-ISPU.1.1.0
2024-03-14 15:49:08,350 [WARN] PackLoader:242 - Cannot read IP mode file for STMicroelectronics.X-CUBE-AI.8.0.0
2024-03-14 15:49:08,366 [WARN] ConditionMgr:437 - getConditionDescription Invalid condition id : UX DEVICE CLASS RTOS Condition cause : null
2024-03-14 15:49:08,366 [WARN] ConditionMgr:437 - getConditionDescription Invalid condition id : UX DEVICE CLASS RTOS Condition cause : null
2024-03-14 15:49:08,366 [WARN] PackLoader:242 - Cannot read IP mode file for STMicroelectronics.X-CUBE-AZRTOS-WB.2.0.0
2024-03-14 15:49:08,366 [WARN] ConditionMgr:1038 - genDependencies : Invalid condition id : UX DEVICE CLASS RTOS Condition cause : null
2024-03-14 15:49:08,366 [WARN] ConditionMgr:1038 - genDependencies : Invalid condition id : UX DEVICE CLASS RTOS Condition cause : null
2024-03-14 15:49:08,366 [WARN] ConditionMgr:1038 - genDependencies : Invalid condition id : UX DEVICE CLASS RTOS Condition cause : null
2024-03-14 15:49:08,366 [WARN] ConditionMgr:1038 - genDependencies : Invalid condition id : UX DEVICE CLASS RTOS Condition cause : null
2024-03-14 15:49:08,366 [WARN] ConditionMgr:1038 - genDependencies : Invalid condition id : UX DEVICE CLASS RTOS Condition cause : null
2024-03-14 15:49:08,366 [WARN] PackLoader:242 - Cannot read IP mode file for STMicroelectronics.X-CUBE-FREERTOS.1.0.1
2024-03-14 15:49:08,382 [WARN] PackLoader:242 - Cannot read IP mode file for STMicroelectronics.X-CUBE-AZRTOS-L5.1.1.0
2024-03-14 15:49:08,401 [WARN] PackLoader:242 - Cannot read IP mode file for STMicroelectronics.X-CUBE-AI.8.0.1
2024-03-14 15:49:08,402 [WARN] PackLoader:242 - Cannot read IP mode file for STMicroelectronics.X-CUBE-SUBG2.5.0.0
2024-03-14 15:49:08,418 [WARN] PackLoader:242 - Cannot read IP mode file for STMicroelectronics.X-CUBE-TOF1.3.3.1
2024-03-14 15:49:08,451 [WARN] PackLoader:242 - Cannot read IP mode file for STMicroelectronics.X-CUBE-AZRTOS-G4.2.0.0
2024-03-14 15:49:08,451 [WARN] PackLoader:242 - Cannot read IP mode file for STMicroelectronics.X-CUBE-TOF1.3.3.0
2024-03-14 15:49:08,497 [WARN] PackLoader:242 - Cannot read IP mode file for Infineon.AIROC-Wi-Fi-Bluetooth-STM32.1.5.1
2024-03-14 15:49:08,506 [WARN] PackLoader:242 - Cannot read IP mode file for STMicroelectronics.FP-SNS-MOTENVWB1.1.3.0
2024-03-14 15:49:08,515 [WARN] PackLoader:242 - Cannot read IP mode file for STMicroelectronics.FP-SNS-MOTENVWB1.1.3.1
2024-03-14 15:49:08,532 [WARN] PackLoader:242 - Cannot read IP mode file for STMicroelectronics.X-CUBE-AZRTOS-L4.1.0.0
2024-03-14 15:49:08,532 [WARN] PackLoader:242 - Cannot read IP mode file for STMicroelectronics.X-CUBE-ISPU.2.0.0
2024-03-14 15:49:08,580 [WARN] PackLoader:242 - Cannot read IP mode file for STMicroelectronics.X-CUBE-MEMS1.10.0.0
2024-03-14 15:49:08,712 [WARN] PackLoader:242 - Cannot read IP mode file for STMicroelectronics.X-CUBE-FREERTOS.1.1.0
2024-03-14 15:49:08,728 [WARN] PackLoader:242 - Cannot read IP mode file for STMicroelectronics.X-CUBE-AZRTOS-WL.1.0.0
2024-03-14 15:49:08,728 [WARN] PackLoader:242 - Cannot read IP mode file for portGmbH.I-Cube-SoM-uGOAL.1.1.0
2024-03-14 15:49:08,728 [WARN] PackLoader:242 - Cannot read IP mode file for STMicroelectronics.X-CUBE-ALS.1.0.1
2024-03-14 15:49:08,748 [WARN] PackLoader:242 - Cannot read IP mode file for STMicroelectronics.X-CUBE-AZRTOS-WB.1.1.0
2024-03-14 15:49:08,748 [WARN] PackLoader:242 - Cannot read IP mode file for STMicroelectronics.FP-ATR-ASTRA1.2.0.0
2024-03-14 15:49:08,748 [WARN] PackLoader:242 - Cannot read IP mode file for STMicroelectronics.X-CUBE-TOF1.3.4.0
2024-03-14 15:49:08,780 [WARN] PackLoader:242 - Cannot read IP mode file for STMicroelectronics.X-CUBE-TOF1.3.4.1
2024-03-14 15:49:08,799 [WARN] PackLoader:242 - Cannot read IP mode file for STMicroelectronics.X-CUBE-AZRTOS-H7.3.2.0
2024-03-14 15:49:08,812 [INFO] ThirdParty:929 - Integrity check success = true
2024-03-14 15:49:08,812 [INFO] IntegrityCheckThread:98 - exiting critical section [integrity check]
2024-03-14 15:49:08,812 [INFO] ThirdParty:829 - entering critical section [close project]
2024-03-14 15:49:08,812 [INFO] IntegrityCheckThread:101 - End integrity checks thread
2024-03-14 15:49:08,812 [INFO] ThirdParty:839 - exiting critical section [close project]
2024-03-14 15:49:08,828 [INFO] PinOutPanel:1468 - setPackage(No Configuration,No Configuration)
2024-03-14 15:49:08,828 [INFO] UtilMem:74 - Begin LoadConfig() Used Memory: 565113328 Bytes (573571072)
2024-03-14 15:49:08,828 [INFO] MicroXplorer:451 - Change Database Path : 
2024-03-14 15:49:08,828 [INFO] MicroXplorer:481 - Change Database Version : DB.6.0.60
2024-03-14 15:49:08,828 [INFO] OpenFileManager:307 - Change cursor
2024-03-14 15:49:08,867 [INFO] Mcu:1922 - Initializing MCU STM32F103C(8-B)Tx STM32F103C8Tx STM32F103C8T6
2024-03-14 15:49:09,726 [INFO] Context:654 - Trying to add GPIOservice into a context  which must be forbidden
2024-03-14 15:49:10,047 [WARN] ApiManager:308 - Cannot register API 'Board Extension:GNSS1A1' from pack STMicroelectronics.X-CUBE-GNSS1.6.0.0: no header file found
2024-03-14 15:49:10,047 [WARN] ApiManager:308 - Cannot register API 'Board Support:Custom' from pack STMicroelectronics.X-CUBE-GNSS1.6.0.0: no header file found
2024-03-14 15:49:10,047 [WARN] ApiManager:308 - Cannot register API 'Data Exchange:lib_gnss' from pack STMicroelectronics.X-CUBE-GNSS1.6.0.0: no header file found
2024-03-14 15:49:10,212 [WARN] ApiManager:308 - Cannot register API 'Board Extension:IKS01A3' from pack STMicroelectronics.X-CUBE-MEMS1.9.6.0: no header file found
2024-03-14 15:49:10,212 [WARN] ApiManager:308 - Cannot register API 'Board Extension:IKS01A2' from pack STMicroelectronics.X-CUBE-MEMS1.9.6.0: no header file found
2024-03-14 15:49:10,212 [WARN] ApiManager:308 - Cannot register API 'Board Extension:IKS02A1' from pack STMicroelectronics.X-CUBE-MEMS1.9.6.0: no header file found
2024-03-14 15:49:10,239 [WARN] ApiManager:308 - Cannot register API 'Board Extension:EEPRMA2' from pack STMicroelectronics.X-CUBE-EEPRMA1.4.2.0: no header file found
2024-03-14 15:49:10,244 [WARN] ApiManager:308 - Cannot register API 'Board Extension:PGEEZ1' from pack STMicroelectronics.X-CUBE-EEPRMA1.4.2.0: no header file found
2024-03-14 15:49:10,244 [WARN] ApiManager:308 - Cannot register API 'Board Part:M24' from pack STMicroelectronics.X-CUBE-EEPRMA1.4.2.0: no header file found
2024-03-14 15:49:10,244 [WARN] ApiManager:308 - Cannot register API 'Board Part:M95' from pack STMicroelectronics.X-CUBE-EEPRMA1.4.2.0: no header file found
2024-03-14 15:49:10,244 [WARN] ApiManager:308 - Cannot register API 'Board Part:M95P32' from pack STMicroelectronics.X-CUBE-EEPRMA1.4.2.0: no header file found
2024-03-14 15:49:10,244 [WARN] ApiManager:308 - Cannot register API 'PGEEZ1:SPI' from pack STMicroelectronics.X-CUBE-EEPRMA1.4.2.0: no header file found
2024-03-14 15:49:10,244 [WARN] ApiManager:308 - Cannot register API 'PGEEZ1:QDSPI' from pack STMicroelectronics.X-CUBE-EEPRMA1.4.2.0: no header file found
2024-03-14 15:49:10,248 [WARN] ApiManager:308 - Cannot register API 'Wireless:BlueNRG-MS' from pack STMicroelectronics.X-CUBE-BLE1.6.2.4: no header file found
2024-03-14 15:49:10,251 [INFO] RtosManager:488 - Registered RTOS mode: class=CMSIS, group=RTOS, mode=CMSIS_V1, owner=FREERTOS
2024-03-14 15:49:10,251 [INFO] RtosManager:488 - Registered RTOS mode: class=CMSIS, group=RTOS2, mode=CMSIS_V2, owner=FREERTOS
2024-03-14 15:49:10,251 [INFO] RtosManager:488 - Registered RTOS mode: class=RTOS, group=Core, mode=CMSIS_V1, owner=FREERTOS
2024-03-14 15:49:10,251 [INFO] RtosManager:488 - Registered RTOS mode: class=RTOS, group=Core, mode=CMSIS_V2, owner=FREERTOS
2024-03-14 15:49:10,251 [WARN] ModelIntegratedComponent:185 - Missing modes for component STMicroelectronics:FreeRTOS:0.0.1:STMicroelectronics:RTOS:FreeRTOS:Core:::10.2.0:
2024-03-14 15:49:10,251 [WARN] ApiManager:308 - Cannot register API 'Board Extension:NFC04A1' from pack STMicroelectronics.X-CUBE-NFC4.3.0.0: no header file found
2024-03-14 15:49:10,257 [WARN] ApiManager:308 - Cannot register API 'Board Extension:S2868A1' from pack STMicroelectronics.X-CUBE-SUBG2.5.0.0: no header file found
2024-03-14 15:49:10,257 [WARN] ApiManager:308 - Cannot register API 'Board Extension:S2868A2' from pack STMicroelectronics.X-CUBE-SUBG2.5.0.0: no header file found
2024-03-14 15:49:10,257 [WARN] ApiManager:308 - Cannot register API 'Board Extension:S2915A1' from pack STMicroelectronics.X-CUBE-SUBG2.5.0.0: no header file found
2024-03-14 15:49:10,278 [WARN] ApiManager:308 - Cannot register API 'Wireless:BlueNRG-MS' from pack STMicroelectronics.X-CUBE-BLE1.7.0.0: no header file found
2024-03-14 15:49:10,278 [WARN] ApiManager:308 - Cannot register API 'Board Extension:EEPRMA2' from pack STMicroelectronics.X-CUBE-EEPRMA1.5.1.0: no header file found
2024-03-14 15:49:10,278 [WARN] ApiManager:308 - Cannot register API 'Board Extension:PGEEZ1' from pack STMicroelectronics.X-CUBE-EEPRMA1.5.1.0: no header file found
2024-03-14 15:49:10,278 [WARN] ApiManager:308 - Cannot register API 'Board Extension:EEICA1' from pack STMicroelectronics.X-CUBE-EEPRMA1.5.1.0: no header file found
2024-03-14 15:49:10,278 [WARN] ApiManager:308 - Cannot register API 'Board Part:M24' from pack STMicroelectronics.X-CUBE-EEPRMA1.5.1.0: no header file found
2024-03-14 15:49:10,278 [WARN] ApiManager:308 - Cannot register API 'Board Part:M95' from pack STMicroelectronics.X-CUBE-EEPRMA1.5.1.0: no header file found
2024-03-14 15:49:10,278 [WARN] ApiManager:308 - Cannot register API 'Board Part:M95P32' from pack STMicroelectronics.X-CUBE-EEPRMA1.5.1.0: no header file found
2024-03-14 15:49:10,278 [WARN] ApiManager:308 - Cannot register API 'Board Part:M24256E-F' from pack STMicroelectronics.X-CUBE-EEPRMA1.5.1.0: no header file found
2024-03-14 15:49:10,278 [WARN] ApiManager:308 - Cannot register API 'Board Part:M24M01E-F' from pack STMicroelectronics.X-CUBE-EEPRMA1.5.1.0: no header file found
2024-03-14 15:49:10,278 [WARN] ApiManager:308 - Cannot register API 'PGEEZ1:SPI' from pack STMicroelectronics.X-CUBE-EEPRMA1.5.1.0: no header file found
2024-03-14 15:49:10,278 [WARN] ApiManager:308 - Cannot register API 'PGEEZ1:QDSPI' from pack STMicroelectronics.X-CUBE-EEPRMA1.5.1.0: no header file found
2024-03-14 15:49:10,278 [WARN] ModelIntegratedComponent:64 - No mode defined for component null
2024-03-14 15:49:10,278 [WARN] ModelIntegratedComponent:64 - No mode defined for component null
2024-03-14 15:49:10,278 [WARN] ModelIntegratedComponent:64 - No mode defined for component null
2024-03-14 15:49:10,278 [WARN] ModelIntegratedComponent:64 - No mode defined for component null
2024-03-14 15:49:10,278 [WARN] ModelIntegratedComponent:64 - No mode defined for component null
2024-03-14 15:49:10,278 [WARN] ModelIntegratedComponent:64 - No mode defined for component null
2024-03-14 15:49:10,278 [WARN] ModelIntegratedComponent:64 - No mode defined for component null
2024-03-14 15:49:10,278 [WARN] ModelIntegratedComponent:64 - No mode defined for component null
2024-03-14 15:49:10,278 [WARN] ModelIntegratedComponent:64 - No mode defined for component null
2024-03-14 15:49:10,278 [WARN] ModelIntegratedComponent:64 - No mode defined for component null
2024-03-14 15:49:10,278 [WARN] ModelIntegratedComponent:64 - No mode defined for component null
2024-03-14 15:49:10,278 [WARN] ModelIntegratedComponent:64 - No mode defined for component null
2024-03-14 15:49:10,278 [WARN] ModelIntegratedComponent:64 - No mode defined for component null
2024-03-14 15:49:10,278 [WARN] ModelIntegratedComponent:64 - No mode defined for component null
2024-03-14 15:49:10,278 [WARN] ModelIntegratedComponent:64 - No mode defined for component null
2024-03-14 15:49:10,278 [WARN] ModelIntegratedComponent:64 - No mode defined for component null
2024-03-14 15:49:10,278 [WARN] ModelIntegratedComponent:64 - No mode defined for component null
2024-03-14 15:49:10,278 [WARN] ModelIntegratedComponent:64 - No mode defined for component null
2024-03-14 15:49:10,278 [WARN] ModelIntegratedComponent:64 - No mode defined for component null
2024-03-14 15:49:10,278 [WARN] ModelIntegratedComponent:64 - No mode defined for component null
2024-03-14 15:49:10,278 [WARN] ModelIntegratedComponent:64 - No mode defined for component null
2024-03-14 15:49:10,278 [WARN] ModelIntegratedComponent:64 - No mode defined for component null
2024-03-14 15:49:10,278 [WARN] ModelIntegratedComponent:64 - No mode defined for component null
2024-03-14 15:49:10,278 [WARN] ModelIntegratedComponent:64 - No mode defined for component null
2024-03-14 15:49:10,278 [WARN] ModelIntegratedComponent:64 - No mode defined for component null
2024-03-14 15:49:10,278 [WARN] ModelIntegratedComponent:64 - No mode defined for component null
2024-03-14 15:49:10,278 [WARN] ModelIntegratedComponent:64 - No mode defined for component null
2024-03-14 15:49:10,278 [WARN] ModelIntegratedComponent:64 - No mode defined for component null
2024-03-14 15:49:10,278 [WARN] ModelIntegratedComponent:64 - No mode defined for component null
2024-03-14 15:49:10,278 [WARN] ModelIntegratedComponent:64 - No mode defined for component null
2024-03-14 15:49:10,278 [WARN] ModelIntegratedComponent:64 - No mode defined for component null
2024-03-14 15:49:10,278 [WARN] ModelIntegratedComponent:64 - No mode defined for component null
2024-03-14 15:49:10,278 [WARN] ModelIntegratedComponent:64 - No mode defined for component null
2024-03-14 15:49:10,378 [WARN] ApiManager:308 - Cannot register API 'Board Extension:IKS01A3' from pack STMicroelectronics.X-CUBE-MEMS1.10.0.0: no header file found
2024-03-14 15:49:10,378 [WARN] ApiManager:308 - Cannot register API 'Board Extension:IKS02A1' from pack STMicroelectronics.X-CUBE-MEMS1.10.0.0: no header file found
2024-03-14 15:49:10,378 [WARN] ApiManager:308 - Cannot register API 'Board Extension:IKS4A1' from pack STMicroelectronics.X-CUBE-MEMS1.10.0.0: no header file found
2024-03-14 15:49:10,378 [WARN] ApiManager:308 - Cannot register API 'Board Extension:NFC07A1' from pack STMicroelectronics.X-CUBE-NFC7.1.0.1: no header file found
2024-03-14 15:49:10,378 [WARN] ApiManager:308 - Cannot register API 'Board Extension:NFC07A1' from pack STMicroelectronics.X-CUBE-NFC7.1.0.0: no header file found
2024-03-14 15:49:10,378 [WARN] ApiManager:308 - Cannot register API 'Board Extension:NFC06A1' from pack STMicroelectronics.X-CUBE-NFC6.3.0.0: no header file found
2024-03-14 15:49:10,378 [WARN] ApiManager:308 - Cannot register API 'Board Extension:NFC08A1' from pack STMicroelectronics.X-CUBE-NFC6.3.0.0: no header file found
2024-03-14 15:49:10,378 [WARN] ApiManager:308 - Cannot register API 'Board Extension:EEPRMA1' from pack STMicroelectronics.X-CUBE-EEPRMA1.4.1.0: no header file found
2024-03-14 15:49:10,378 [WARN] ApiManager:308 - Cannot register API 'Board Extension:EEPRMA2' from pack STMicroelectronics.X-CUBE-EEPRMA1.4.1.0: no header file found
2024-03-14 15:49:10,378 [WARN] ApiManager:308 - Cannot register API 'Board Extension:PGEEZ1' from pack STMicroelectronics.X-CUBE-EEPRMA1.4.1.0: no header file found
2024-03-14 15:49:10,378 [WARN] ApiManager:308 - Cannot register API 'Board Part:M24' from pack STMicroelectronics.X-CUBE-EEPRMA1.4.1.0: no header file found
2024-03-14 15:49:10,378 [WARN] ApiManager:308 - Cannot register API 'Board Part:M95' from pack STMicroelectronics.X-CUBE-EEPRMA1.4.1.0: no header file found
2024-03-14 15:49:10,378 [WARN] ApiManager:308 - Cannot register API 'Board Part:M95P32' from pack STMicroelectronics.X-CUBE-EEPRMA1.4.1.0: no header file found
2024-03-14 15:49:10,378 [WARN] ApiManager:308 - Cannot register API 'PGEEZ1:SPI' from pack STMicroelectronics.X-CUBE-EEPRMA1.4.1.0: no header file found
2024-03-14 15:49:10,378 [WARN] ApiManager:308 - Cannot register API 'PGEEZ1:QDSPI' from pack STMicroelectronics.X-CUBE-EEPRMA1.4.1.0: no header file found
2024-03-14 15:49:10,400 [WARN] ApiManager:308 - Cannot register API 'Board Extension:S2868A1' from pack STMicroelectronics.X-CUBE-SFXS2LP1.4.0.0: no header file found
2024-03-14 15:49:10,400 [WARN] ApiManager:308 - Cannot register API 'Board Extension:S2868A2' from pack STMicroelectronics.X-CUBE-SFXS2LP1.4.0.0: no header file found
2024-03-14 15:49:10,400 [WARN] ApiManager:308 - Cannot register API 'Board Extension:S2915A1' from pack STMicroelectronics.X-CUBE-SFXS2LP1.4.0.0: no header file found
2024-03-14 15:49:10,400 [WARN] ApiManager:308 - Cannot register API 'Wireless:BlueNRG-2' from pack STMicroelectronics.X-CUBE-BLE2.3.3.0: no header file found
2024-03-14 15:49:10,428 [INFO] ThirdPartyModel:289 - Start build external matchings
2024-03-14 15:49:11,074 [INFO] ThirdPartyModel:302 - End build external matchings
2024-03-14 15:49:11,130 [INFO] ImportTextPane:193 - (OptionalMessage_ERROR) IP (DMA) : Parameter (Instance) has Id (TIM4_CH3) currently not set
2024-03-14 15:49:11,130 [INFO] ImportTextPane:193 - (OptionalMessage_ERROR) IP (DMA) : Parameter (Direction) has Id (TIM4_CH3) currently not set
2024-03-14 15:49:11,130 [INFO] ImportTextPane:193 - (OptionalMessage_ERROR) IP (DMA) : Parameter (PeriphInc) has Id (TIM4_CH3) currently not set
2024-03-14 15:49:11,131 [INFO] ImportTextPane:193 - (OptionalMessage_ERROR) IP (DMA) : Parameter (MemInc) has Id (TIM4_CH3) currently not set
2024-03-14 15:49:11,131 [INFO] ImportTextPane:193 - (OptionalMessage_ERROR) IP (DMA) : Parameter (PeriphDataAlignment) has Id (TIM4_CH3) currently not set
2024-03-14 15:49:11,131 [INFO] ImportTextPane:193 - (OptionalMessage_ERROR) IP (DMA) : Parameter (MemDataAlignment) has Id (TIM4_CH3) currently not set
2024-03-14 15:49:11,131 [INFO] ImportTextPane:193 - (OptionalMessage_ERROR) IP (DMA) : Parameter (Mode) has Id (TIM4_CH3) currently not set
2024-03-14 15:49:11,131 [INFO] ImportTextPane:193 - (OptionalMessage_ERROR) IP (DMA) : Parameter (Priority) has Id (TIM4_CH3) currently not set
2024-03-14 15:49:11,131 [INFO] ImportTextPane:193 - (OptionalMessage_ERROR) IP (RCC) : Invalid parameter (FamilyName)
2024-03-14 15:49:11,131 [INFO] ImportTextPane:193 - (OptionalMessage_ERROR) IP (RCC) : Parameter (MCOFreq_Value) has invalid value (72000000)
2024-03-14 15:49:11,131 [INFO] ImportTextPane:193 - (OptionalMessage_ERROR) IP (RCC) : Parameter (USBFreq_Value) has invalid value (72000000)
2024-03-14 15:49:11,352 [INFO] UtilMem:74 - End LoadConfig() Used Memory: 544221640 Bytes (623902720)
2024-03-14 15:49:11,629 [INFO] ApiDb:576 - Connected to CubeFinder SQLite database (C:\Users\Thirupathi\.stmcufinder\plugins\mcufinder\mcu\cube-finder-db.db)
2024-03-14 15:49:11,677 [INFO] ApiDb:663 - CubeFinder database Data Model version=2.1
2024-03-14 15:49:11,677 [INFO] ApiDb:664 - CubeFinder database Configuration version=3.0.39
2024-03-14 15:49:11,677 [INFO] ApiDb:665 - CubeFinder database generation date=2024-02-19 (1708350410)
2024-03-14 15:49:11,677 [INFO] ApiDb:666 - CubeFinder database FW Pack versions=[FP-ATR-ASTRA1_V2.0.0, FP-SNS-FLIGHT1_V5.0.1, FP-SNS-FLIGHT1_V5.0.2, FP-SNS-MOTENV1_V4.3.1, FP-SNS-MOTENV1_V4.3.2, FP-SNS-MOTENVWB1_V1.3.1, FP-SNS-SMARTAG2_V1.2.0, STM32Cube_FW_C0_V1.1.0, STM32Cube_FW_F4_V1.28.0, STM32Cube_FW_F7_V1.17.0, STM32Cube_FW_G0_V1.6.2, STM32Cube_FW_G4_V1.5.2, STM32Cube_FW_H5_V0.5.1, STM32Cube_FW_H5_V1.1.1, STM32Cube_FW_H5_V1.2.0RC2, STM32Cube_FW_H7_V1.11.0, STM32Cube_FW_L0_V1.12.2, STM32Cube_FW_L5_V1.5.0, STM32Cube_FW_U5_V1.3.0RC4, STM32Cube_FW_U5_V1.4.0, STM32Cube_FW_WBA_V1.0.0RC1, STM32Cube_FW_WBA_V1.1.0RC1, STM32Cube_FW_WBA_V1.2.0, STM32Cube_FW_WBA_V1.2.0RC2, STM32Cube_FW_WB_V1.15.0RC1, STM32Cube_FW_WB_V1.16.0, STM32Cube_FW_WB_V1.16.0RC2, STM32Cube_FW_WB_V1.18.0, STM32Cube_FW_WL_V1.3.0, X-CUBE-ALGOBUILD_V1.3.0, X-CUBE-ALS_V1.0.1, X-CUBE-AZRTOS-F4_V1.1.0, X-CUBE-AZRTOS-F7_V1.1.0, X-CUBE-AZRTOS-G0_V1.1.0, X-CUBE-AZRTOS-G4_V2.0.0, X-CUBE-AZRTOS-H7_V3.2.0, X-CUBE-AZRTOS-L4_V1.0.0, X-CUBE-AZRTOS-L4_V2.0.0, X-CUBE-AZRTOS-L5_V1.1.0, X-CUBE-AZRTOS-WB_V2.0.0, X-CUBE-AZRTOS-WL_V2.0.0, X-CUBE-BLE1_V7.0.0, X-CUBE-BLE2_V3.3.0, X-CUBE-BLEMGR_V3.0.0, X-CUBE-EEPRMA1_V4.1.0, X-CUBE-EEPRMA1_V5.1.0, X-CUBE-FREERTOS_V1.1.0, X-CUBE-GNSS1_V6.0.0, X-CUBE-MEMS1_V10.0.0, X-CUBE-MEMS1_V9.1.0, X-CUBE-MEMS1_V9.4.0, X-CUBE-MEMS1_V9.6.0, X-CUBE-NFC4_V3.0.0, X-CUBE-NFC7_V1.0.1, X-CUBE-SFXS2LP1_V4.0.0, X-CUBE-SUBG2_V5.0.0, X-CUBE-TOF1_V3.4.0]
2024-03-14 15:49:13,192 [INFO] ApiDb:239 - Found 138 in-development CPN: [B-WB1M-WPAN1, NUCLEO-C031C6, STEVAL-STWINBX1, STM320518-EVAL, STM32C0116-DK, STM32C011D6Y3TR, STM32C011D6Y6TR, STM32C011F4P3, STM32C011F4P6, STM32C011F4U3, STM32C011F4U6TR, STM32C011F6P3, STM32C011F6P6, STM32C011F6U3, STM32C011F6U6TR, STM32C011J4M3, STM32C011J4M6, STM32C011J6M3, STM32C011J6M6, STM32C0316-DK, STM32C031C4T3, STM32C031C4T6, STM32C031C4U3, STM32C031C4U6, STM32C031C6T3, STM32C031C6T6, STM32C031C6U3, STM32C031C6U6, STM32C031F4P3, STM32C031F4P6, STM32C031F6P3, STM32C031F6P6, STM32C031G4U3, STM32C031G4U6, STM32C031G6U3, STM32C031G6U6, STM32C031K4T3, STM32C031K4T6, STM32C031K4U3, STM32C031K4U6, STM32C031K6T3, STM32C031K6T6, STM32C031K6U3, STM32C031K6U6, STM32G071K8TXN, STM32G071K8UXN, STM32G081GBU6N, STM32G081KBT6N, STM32G081KBUXN, STM32G0B1CCT6N, STM32G0B1KCT6, STM32G0B1NEY6TR, STM32G0B1RCT6N, STM32G0C1CCT6, STM32G0C1CCT6N, STM32G0C1CCU6N, STM32G0C1CET6N, STM32G0C1CEU6N, STM32G0C1KCT6, STM32G0C1NEY6TR, STM32G0C1RCI6N, STM32G0C1RCT6N, STM32G0C1REI6N, STM32G0C1RET6N, STM32G0C1VCI6, STM32G0C1VEI6, STM32G471CCT6, STM32G471CCU6, STM32G471CET3, STM32G471CET6, STM32G471CEU3, STM32G471CEU6, STM32G471MCT6, STM32G471MET3, STM32G471MET6, STM32G471MEY6TR, STM32G471QCT6, STM32G471QET3, STM32G471RCT6, STM32G471RET3, STM32G471RET6, STM32G471VCH6, STM32G471VCI6, STM32G471VCT6, STM32G471VEH3, STM32G471VEH6, STM32G471VEI3, STM32G471VEI6, STM32G471VET3, STM32G471VET6, STM32G474CCT6, STM32L476VGY6PTR, STM32L4R5QGI6STR, STM32MP131AAE3, STM32MP131AAF3, STM32MP131AAG3, STM32MP131CAE3, STM32MP131CAF3, STM32MP131CAG3, STM32MP131DAE7, STM32MP131DAF7, STM32MP131DAG7, STM32MP131FAE7, STM32MP131FAF7, STM32MP131FAG7, STM32MP133AAE3, STM32MP133AAF3, STM32MP133AAG3, STM32MP133CAE3, STM32MP133CAF3, STM32MP133CAG3, STM32MP133DAE7, STM32MP133DAF7, STM32MP133DAG7, STM32MP133FAE7, STM32MP133FAF7, STM32MP133FAG7, STM32MP135AAE3, STM32MP135AAF3, STM32MP135AAG3, STM32MP135CAE3, STM32MP135CAF3, STM32MP135CAG3, STM32MP135DAE7, STM32MP135DAF7, STM32MP135DAG7, STM32MP135F-DK, STM32MP135FAE7, STM32MP135FAF7, STM32MP135FAG7, STM32U595ZJT6Q, STM32U599BJY6QTR, STM32U599NIH6Q, STM32U599NJH6Q, STM32U5A5ZJT6Q, STM32U5A9BJY6QTR, STM32U5A9NJH6Q, STM32WB1MMCH6]
2024-03-14 15:49:13,204 [INFO] DbMcus:215 - Found 3852 MCUs, 3852 are supported
2024-03-14 15:49:13,208 [INFO] ApiDb:418 - Load user favorites file C:\Users\Thirupathi/.stm32cubeide/favorites.mcus.txt: 0 item(s)
2024-03-14 15:49:13,208 [INFO] ApiDb:422 - User favorites MCUs=[]
2024-03-14 15:49:13,208 [INFO] DbMcus:221 - Set 0 / 0 favorites MCUs
2024-03-14 15:49:13,292 [WARN] ThirdParty:789 - waiting for thirdparty lock release [change project]
2024-03-14 15:49:13,292 [INFO] ThirdParty:791 - entering critical section [change project]
2024-03-14 15:49:13,292 [INFO] ThirdParty:981 - CMSIS Pack Vendor :STMicroelectronics X-CUBE-ISPU 1.1.0
2024-03-14 15:49:13,292 [INFO] ThirdParty:981 - CMSIS Pack Vendor :STMicroelectronics X-CUBE-GNSS1 6.0.0
2024-03-14 15:49:13,292 [INFO] ThirdParty:981 - CMSIS Pack Vendor :STMicroelectronics USB_HOST 2.0.0
2024-03-14 15:49:13,292 [INFO] ThirdParty:981 - CMSIS Pack Vendor :STMicroelectronics X-CUBE-AZRTOS-F4 1.1.0
2024-03-14 15:49:13,292 [INFO] ThirdParty:981 - CMSIS Pack Vendor :STMicroelectronics LIBJPEG 8.0.0
2024-03-14 15:49:13,292 [INFO] ThirdParty:981 - CMSIS Pack Vendor :STMicroelectronics X-CUBE-SMBUS 2.1.0
2024-03-14 15:49:13,292 [INFO] ThirdParty:981 - CMSIS Pack Vendor :wolfSSL I-CUBE-wolfSSL 5.6.0
2024-03-14 15:49:13,292 [INFO] ThirdParty:981 - CMSIS Pack Vendor :STMicroelectronics USB_DEVICE 3.0.0
2024-03-14 15:49:13,292 [INFO] ThirdParty:981 - CMSIS Pack Vendor :STMicroelectronics X-CUBE-AI 8.0.0
2024-03-14 15:49:13,292 [INFO] ThirdParty:981 - CMSIS Pack Vendor :STMicroelectronics X-CUBE-AZRTOS-WB 2.0.0
2024-03-14 15:49:13,292 [INFO] ThirdParty:981 - CMSIS Pack Vendor :STMicroelectronics X-CUBE-FREERTOS 1.0.1
2024-03-14 15:49:13,292 [INFO] ThirdParty:981 - CMSIS Pack Vendor :STMicroelectronics X-CUBE-TOUCHGFX 4.21.3
2024-03-14 15:49:13,292 [INFO] ThirdParty:981 - CMSIS Pack Vendor :STMicroelectronics X-CUBE-TOUCHGFX 4.23.0
2024-03-14 15:49:13,292 [INFO] ThirdParty:981 - CMSIS Pack Vendor :STMicroelectronics X-CUBE-AZRTOS-F7 1.1.0
2024-03-14 15:49:13,292 [INFO] ThirdParty:981 - CMSIS Pack Vendor :STMicroelectronics X-CUBE-TOUCHGFX 4.21.4
2024-03-14 15:49:13,292 [INFO] ThirdParty:981 - CMSIS Pack Vendor :STMicroelectronics X-CUBE-AZRTOS-L5 2.0.0
2024-03-14 15:49:13,292 [INFO] ThirdParty:981 - CMSIS Pack Vendor :STMicroelectronics USB_DEVICE 2.0.0
2024-03-14 15:49:13,292 [INFO] ThirdParty:981 - CMSIS Pack Vendor :STMicroelectronics X-CUBE-MEMS1 9.6.0
2024-03-14 15:49:13,292 [INFO] ThirdParty:981 - CMSIS Pack Vendor :STMicroelectronics X-CUBE-EEPRMA1 4.2.0
2024-03-14 15:49:13,292 [INFO] ThirdParty:981 - CMSIS Pack Vendor :ITTIA_DB I-CUBE-ITTIADB 8.8.0
2024-03-14 15:49:13,292 [INFO] ThirdParty:981 - CMSIS Pack Vendor :STMicroelectronics FP-SNS-MOTENV1 4.3.0
2024-03-14 15:49:13,292 [INFO] ThirdParty:981 - CMSIS Pack Vendor :STMicroelectronics FP-SNS-MOTENV1 4.3.2
2024-03-14 15:49:13,292 [INFO] ThirdParty:981 - CMSIS Pack Vendor :STMicroelectronics FP-SNS-FLIGHT1 5.0.0
2024-03-14 15:49:13,292 [INFO] ThirdParty:981 - CMSIS Pack Vendor :STMicroelectronics FP-SNS-MOTENV1 4.3.1
2024-03-14 15:49:13,292 [INFO] ThirdParty:981 - CMSIS Pack Vendor :STMicroelectronics FP-SNS-FLIGHT1 5.0.1
2024-03-14 15:49:13,292 [INFO] ThirdParty:981 - CMSIS Pack Vendor :STMicroelectronics X-CUBE-ALGOBUILD 1.3.0
2024-03-14 15:49:13,292 [INFO] ThirdParty:981 - CMSIS Pack Vendor :STMicroelectronics X-CUBE-BLE1 6.2.4
2024-03-14 15:49:13,292 [INFO] ThirdParty:981 - CMSIS Pack Vendor :STMicroelectronics X-CUBE-AZRTOS-L5 1.1.0
2024-03-14 15:49:13,292 [INFO] ThirdParty:981 - CMSIS Pack Vendor :STMicroelectronics FreeRTOS 0.0.1
2024-03-14 15:49:13,292 [INFO] ThirdParty:981 - CMSIS Pack Vendor :STMicroelectronics X-CUBE-AZRTOS-G0 1.1.0
2024-03-14 15:49:13,292 [INFO] ThirdParty:981 - CMSIS Pack Vendor :emotas I-CUBE-CANOPEN 1.1.3
2024-03-14 15:49:13,292 [INFO] ThirdParty:981 - CMSIS Pack Vendor :STMicroelectronics X-CUBE-BLEMGR 2.0.0
2024-03-14 15:49:13,292 [INFO] ThirdParty:981 - CMSIS Pack Vendor :STMicroelectronics X-CUBE-AI 8.0.1
2024-03-14 15:49:13,292 [INFO] ThirdParty:981 - CMSIS Pack Vendor :STMicroelectronics X-CUBE-NFC4 3.0.0
2024-03-14 15:49:13,292 [INFO] ThirdParty:981 - CMSIS Pack Vendor :STMicroelectronics X-CUBE-SUBG2 5.0.0
2024-03-14 15:49:13,292 [INFO] ThirdParty:981 - CMSIS Pack Vendor :STMicroelectronics STM32_WPAN 1.0.0
2024-03-14 15:49:13,292 [INFO] ThirdParty:981 - CMSIS Pack Vendor :STMicroelectronics lwIP 2.0.3
2024-03-14 15:49:13,292 [INFO] ThirdParty:981 - CMSIS Pack Vendor :STMicroelectronics FP-SNS-FLIGHT1 5.0.2
2024-03-14 15:49:13,292 [INFO] ThirdParty:981 - CMSIS Pack Vendor :STMicroelectronics USB_HOST 1.0.0
2024-03-14 15:49:13,292 [INFO] ThirdParty:981 - CMSIS Pack Vendor :STMicroelectronics X-CUBE-TOF1 3.3.1
2024-03-14 15:49:13,292 [INFO] ThirdParty:981 - CMSIS Pack Vendor :STMicroelectronics X-CUBE-AZRTOS-G4 2.0.0
2024-03-14 15:49:13,292 [INFO] ThirdParty:981 - CMSIS Pack Vendor :STMicroelectronics PDM2PCM 3.1.0
2024-03-14 15:49:13,292 [INFO] ThirdParty:981 - CMSIS Pack Vendor :STMicroelectronics X-CUBE-AZRTOS-H7 3.1.0
2024-03-14 15:49:13,292 [INFO] ThirdParty:981 - CMSIS Pack Vendor :STMicroelectronics X-CUBE-TOF1 3.3.0
2024-03-14 15:49:13,292 [INFO] ThirdParty:981 - CMSIS Pack Vendor :Infineon AIROC-Wi-Fi-Bluetooth-STM32 1.5.1
2024-03-14 15:49:13,292 [INFO] ThirdParty:981 - CMSIS Pack Vendor :STMicroelectronics X-CUBE-BLEMGR 3.0.0
2024-03-14 15:49:13,292 [INFO] ThirdParty:981 - CMSIS Pack Vendor :STMicroelectronics PDM2PCM 3.3.0
2024-03-14 15:49:13,292 [INFO] ThirdParty:981 - CMSIS Pack Vendor :STMicroelectronics X-CUBE-DISPLAY 3.0.0
2024-03-14 15:49:13,292 [INFO] ThirdParty:981 - CMSIS Pack Vendor :STMicroelectronics FP-SNS-MOTENVWB1 1.3.0
2024-03-14 15:49:13,292 [INFO] ThirdParty:981 - CMSIS Pack Vendor :STMicroelectronics FP-SNS-MOTENVWB1 1.3.1
2024-03-14 15:49:13,292 [INFO] ThirdParty:981 - CMSIS Pack Vendor :STMicroelectronics X-CUBE-BLE1 7.0.0
2024-03-14 15:49:13,292 [INFO] ThirdParty:981 - CMSIS Pack Vendor :STMicroelectronics FP-ATR-SIGFOX1 3.2.0
2024-03-14 15:49:13,292 [INFO] ThirdParty:981 - CMSIS Pack Vendor :STMicroelectronics X-CUBE-AZRTOS-L4 1.0.0
2024-03-14 15:49:13,292 [INFO] ThirdParty:981 - CMSIS Pack Vendor :STMicroelectronics X-CUBE-ISPU 2.0.0
2024-03-14 15:49:13,292 [INFO] ThirdParty:981 - CMSIS Pack Vendor :STMicroelectronics X-CUBE-EEPRMA1 5.1.0
2024-03-14 15:49:13,292 [INFO] ThirdParty:981 - CMSIS Pack Vendor :STMicroelectronics HAL Drivers 0.0.0
2024-03-14 15:49:13,292 [INFO] ThirdParty:981 - CMSIS Pack Vendor :STMicroelectronics MBEDTLS 2.16.2
2024-03-14 15:49:13,292 [INFO] ThirdParty:981 - CMSIS Pack Vendor :STMicroelectronics X-CUBE-MEMS1 10.0.0
2024-03-14 15:49:13,292 [INFO] ThirdParty:981 - CMSIS Pack Vendor :STMicroelectronics X-CUBE-FREERTOS 1.1.0
2024-03-14 15:49:13,292 [INFO] ThirdParty:981 - CMSIS Pack Vendor :STMicroelectronics X-CUBE-TOUCHGFX 4.22.0
2024-03-14 15:49:13,292 [INFO] ThirdParty:981 - CMSIS Pack Vendor :STMicroelectronics X-CUBE-NFC7 1.0.1
2024-03-14 15:49:13,292 [INFO] ThirdParty:981 - CMSIS Pack Vendor :STMicroelectronics MBEDTLS 2.14.1
2024-03-14 15:49:13,292 [INFO] ThirdParty:981 - CMSIS Pack Vendor :STMicroelectronics X-CUBE-NFC7 1.0.0
2024-03-14 15:49:13,292 [INFO] ThirdParty:981 - CMSIS Pack Vendor :STMicroelectronics X-CUBE-TOUCHGFX 4.22.1
2024-03-14 15:49:13,292 [INFO] ThirdParty:981 - CMSIS Pack Vendor :STMicroelectronics X-CUBE-AZRTOS-WL 1.0.0
2024-03-14 15:49:13,292 [INFO] ThirdParty:981 - CMSIS Pack Vendor :STMicroelectronics X-CUBE-NFC6 3.0.0
2024-03-14 15:49:13,292 [INFO] ThirdParty:981 - CMSIS Pack Vendor :STMicroelectronics X-CUBE-EEPRMA1 4.1.0
2024-03-14 15:49:13,292 [INFO] ThirdParty:981 - CMSIS Pack Vendor :portGmbH I-Cube-SoM-uGOAL 1.1.0
2024-03-14 15:49:13,292 [INFO] ThirdParty:981 - CMSIS Pack Vendor :STMicroelectronics X-CUBE-ALS 1.0.1
2024-03-14 15:49:13,292 [INFO] ThirdParty:981 - CMSIS Pack Vendor :STMicroelectronics X-CUBE-BLEMGR 3.1.0
2024-03-14 15:49:13,292 [INFO] ThirdParty:981 - CMSIS Pack Vendor :STMicroelectronics ThreadX 1.0.0
2024-03-14 15:49:13,292 [INFO] ThirdParty:981 - CMSIS Pack Vendor :STMicroelectronics FP-SNS-SMARTAG2 1.2.0
2024-03-14 15:49:13,292 [INFO] ThirdParty:981 - CMSIS Pack Vendor :STMicroelectronics X-CUBE-AZRTOS-WB 1.1.0
2024-03-14 15:49:13,292 [INFO] ThirdParty:981 - CMSIS Pack Vendor :STMicroelectronics X-CUBE-AZRTOS-WL 2.0.0
2024-03-14 15:49:13,292 [INFO] ThirdParty:981 - CMSIS Pack Vendor :SEGGER I-CUBE-embOS 1.3.1
2024-03-14 15:49:13,292 [INFO] ThirdParty:981 - CMSIS Pack Vendor :STMicroelectronics USB_DEVICE 1.0.0
2024-03-14 15:49:13,292 [INFO] ThirdParty:981 - CMSIS Pack Vendor :STMicroelectronics X-CUBE-AI 8.1.0
2024-03-14 15:49:13,292 [INFO] ThirdParty:981 - CMSIS Pack Vendor :STMicroelectronics X-CUBE-AZRTOS-L4 2.0.0
2024-03-14 15:49:13,292 [INFO] ThirdParty:981 - CMSIS Pack Vendor :STMicroelectronics ThreadX 0.0.2
2024-03-14 15:49:13,292 [INFO] ThirdParty:981 - CMSIS Pack Vendor :WES I-CUBE-Cesium 1.3.0
2024-03-14 15:49:13,292 [INFO] ThirdParty:981 - CMSIS Pack Vendor :STMicroelectronics FP-ATR-ASTRA1 2.0.0
2024-03-14 15:49:13,292 [INFO] ThirdParty:981 - CMSIS Pack Vendor :STMicroelectronics lwIP 2.1.2
2024-03-14 15:49:13,292 [INFO] ThirdParty:981 - CMSIS Pack Vendor :STMicroelectronics X-CUBE-SFXS2LP1 4.0.0
2024-03-14 15:49:13,292 [INFO] ThirdParty:981 - CMSIS Pack Vendor :STMicroelectronics X-CUBE-BLE2 3.3.0
2024-03-14 15:49:13,292 [INFO] ThirdParty:981 - CMSIS Pack Vendor :STMicroelectronics X-CUBE-TOF1 3.4.0
2024-03-14 15:49:13,292 [INFO] ThirdParty:981 - CMSIS Pack Vendor :STMicroelectronics X-CUBE-TOF1 3.4.1
2024-03-14 15:49:13,292 [INFO] ThirdParty:981 - CMSIS Pack Vendor :STMicroelectronics X-CUBE-AZRTOS-H7 3.2.0
2024-03-14 15:49:13,292 [INFO] ThirdParty:981 - CMSIS Pack Vendor :STMicroelectronics PDM2PCM 3.2.0
2024-03-14 15:49:13,292 [INFO] ThirdParty:797 - exiting critical section [change project]
2024-03-14 15:49:13,574 [INFO] PinOutPanel:1468 - setPackage(No Configuration,No Configuration)
2024-03-14 15:49:13,574 [INFO] PinOutPanel:1468 - setPackage(STM32F103C8Tx,LQFP48)
2024-03-14 15:49:14,252 [INFO] UtilMem:74 - Before build in PCC Used Memory: 559318832 Bytes (623902720)
2024-03-14 15:49:15,008 [INFO] UtilMem:74 - After build in PCC Used Memory: 576462632 Bytes (623902720)
2024-03-14 15:49:15,035 [INFO] IPUIPlugin:79 - create IPUIPlugin
2024-03-14 15:49:15,035 [INFO] IPUIPlugin:79 - create IPUIPlugin
2024-03-14 15:49:15,035 [INFO] IPUIPlugin:79 - create IPUIPlugin
2024-03-14 15:49:15,035 [INFO] IPUIPlugin:79 - create IPUIPlugin
2024-03-14 15:49:15,035 [INFO] IPUIPlugin:79 - create IPUIPlugin
2024-03-14 15:49:15,035 [INFO] IPUIPlugin:79 - create IPUIPlugin
2024-03-14 15:49:15,050 [INFO] IPUIPlugin:79 - create IPUIPlugin
2024-03-14 15:49:15,050 [INFO] IPUIPlugin:79 - create IPUIPlugin
2024-03-14 15:49:15,050 [INFO] IPUIPlugin:79 - create IPUIPlugin
2024-03-14 15:49:15,050 [INFO] IPUIPlugin:79 - create IPUIPlugin
2024-03-14 15:49:15,050 [INFO] IPUIPlugin:79 - create IPUIPlugin
2024-03-14 15:49:15,050 [INFO] IPUIPlugin:79 - create IPUIPlugin
2024-03-14 15:49:15,050 [INFO] IPUIPlugin:79 - create IPUIPlugin
2024-03-14 15:49:15,050 [INFO] IPUIPlugin:79 - create IPUIPlugin
2024-03-14 15:49:15,050 [INFO] IPUIPlugin:79 - create IPUIPlugin
2024-03-14 15:49:15,050 [INFO] IPUIPlugin:79 - create IPUIPlugin
2024-03-14 15:49:15,050 [INFO] IPUIPlugin:79 - create IPUIPlugin
2024-03-14 15:49:15,050 [INFO] IPUIPlugin:79 - create IPUIPlugin
2024-03-14 15:49:15,050 [INFO] IPUIPlugin:79 - create IPUIPlugin
2024-03-14 15:49:15,050 [INFO] IPUIPlugin:79 - create IPUIPlugin
2024-03-14 15:49:15,050 [INFO] IPUIPlugin:79 - create IPUIPlugin
2024-03-14 15:49:15,050 [INFO] IPUIPlugin:79 - create IPUIPlugin
2024-03-14 15:49:15,050 [INFO] IPUIPlugin:79 - create IPUIPlugin
2024-03-14 15:49:15,050 [INFO] IPUIPlugin:79 - create IPUIPlugin
2024-03-14 15:49:15,050 [INFO] IPUIPlugin:79 - create IPUIPlugin
2024-03-14 15:49:15,050 [INFO] IPUIPlugin:79 - create IPUIPlugin
2024-03-14 15:49:15,050 [INFO] IPUIPlugin:79 - create IPUIPlugin
2024-03-14 15:49:15,058 [WARN] IP:2111 - I2C_Coeff_DF not found: check if there is a RefParameter without a condition.
2024-03-14 15:49:15,058 [WARN] IP:2111 - Analog_Filter not found: check if there is a RefParameter without a condition.
2024-03-14 15:49:15,355 [INFO] OpenFileManager:327 - Restore cursor
2024-03-14 15:49:15,542 [WARN] IP:2111 - I2C_Coeff_DF not found: check if there is a RefParameter without a condition.
2024-03-14 15:49:15,542 [WARN] IP:2111 - Analog_Filter not found: check if there is a RefParameter without a condition.
2024-03-14 15:49:15,542 [WARN] IP:2111 - I2C_Coeff_DF not found: check if there is a RefParameter without a condition.
2024-03-14 15:49:15,542 [WARN] IP:2111 - Analog_Filter not found: check if there is a RefParameter without a condition.
2024-03-15 10:27:52,639 [INFO] Activator:177 - 


2024-03-15 10:27:52,639 [INFO] Activator:178 - !SESSION log4j initialized
2024-03-15 10:28:20,499 [ERROR] LogOutputStream:74 - [STDERR_REDIRECT] SLF4J: Failed to load class "org.slf4j.impl.StaticLoggerBinder".
2024-03-15 10:28:20,499 [ERROR] LogOutputStream:74 - [STDERR_REDIRECT] SLF4J: Defaulting to no-operation (NOP) logger implementation
2024-03-15 10:28:20,500 [ERROR] LogOutputStream:74 - [STDERR_REDIRECT] SLF4J: See http://www.slf4j.org/codes.html#StaticLoggerBinder for further details.
2024-03-15 17:50:14,480 [INFO] Activator:177 - 


2024-03-15 17:50:14,480 [INFO] Activator:178 - !SESSION log4j initialized
2024-03-15 17:50:41,916 [ERROR] LogOutputStream:74 - [STDERR_REDIRECT] SLF4J: Failed to load class "org.slf4j.impl.StaticLoggerBinder".
2024-03-15 17:50:41,916 [ERROR] LogOutputStream:74 - [STDERR_REDIRECT] SLF4J: Defaulting to no-operation (NOP) logger implementation
2024-03-15 17:50:41,916 [ERROR] LogOutputStream:74 - [STDERR_REDIRECT] SLF4J: See http://www.slf4j.org/codes.html#StaticLoggerBinder for further details.
2024-03-20 12:53:39,607 [INFO] Activator:177 - 


2024-03-20 12:53:39,607 [INFO] Activator:178 - !SESSION log4j initialized
2024-03-20 12:54:06,736 [ERROR] LogOutputStream:74 - [STDERR_REDIRECT] SLF4J: Failed to load class "org.slf4j.impl.StaticLoggerBinder".
2024-03-20 12:54:06,736 [ERROR] LogOutputStream:74 - [STDERR_REDIRECT] SLF4J: Defaulting to no-operation (NOP) logger implementation
2024-03-20 12:54:06,736 [ERROR] LogOutputStream:74 - [STDERR_REDIRECT] SLF4J: See http://www.slf4j.org/codes.html#StaticLoggerBinder for further details.
2024-03-20 14:39:43,761 [INFO] Activator:177 - 


2024-03-20 14:39:43,765 [INFO] Activator:178 - !SESSION log4j initialized
2024-03-20 14:40:17,363 [ERROR] LogOutputStream:74 - [STDERR_REDIRECT] SLF4J: Failed to load class "org.slf4j.impl.StaticLoggerBinder".
2024-03-20 14:40:17,363 [ERROR] LogOutputStream:74 - [STDERR_REDIRECT] SLF4J: Defaulting to no-operation (NOP) logger implementation
2024-03-20 14:40:17,363 [ERROR] LogOutputStream:74 - [STDERR_REDIRECT] SLF4J: See http://www.slf4j.org/codes.html#StaticLoggerBinder for further details.
2024-03-20 14:40:56,276 [INFO] Activator:177 - 


2024-03-20 14:40:56,277 [INFO] Activator:178 - !SESSION log4j initialized
2024-03-20 14:41:24,298 [ERROR] LogOutputStream:74 - [STDERR_REDIRECT] SLF4J: Failed to load class "org.slf4j.impl.StaticLoggerBinder".
2024-03-20 14:41:24,298 [ERROR] LogOutputStream:74 - [STDERR_REDIRECT] SLF4J: Defaulting to no-operation (NOP) logger implementation
2024-03-20 14:41:24,298 [ERROR] LogOutputStream:74 - [STDERR_REDIRECT] SLF4J: See http://www.slf4j.org/codes.html#StaticLoggerBinder for further details.
2024-03-22 13:53:58,616 [INFO] Activator:177 - 


2024-03-22 13:53:58,616 [INFO] Activator:178 - !SESSION log4j initialized
2024-03-22 13:54:32,837 [ERROR] LogOutputStream:74 - [STDERR_REDIRECT] SLF4J: Failed to load class "org.slf4j.impl.StaticLoggerBinder".
2024-03-22 13:54:32,837 [ERROR] LogOutputStream:74 - [STDERR_REDIRECT] SLF4J: Defaulting to no-operation (NOP) logger implementation
2024-03-22 13:54:32,837 [ERROR] LogOutputStream:74 - [STDERR_REDIRECT] SLF4J: See http://www.slf4j.org/codes.html#StaticLoggerBinder for further details.
2024-03-26 11:44:59,574 [INFO] Activator:177 - 


2024-03-26 11:44:59,576 [INFO] Activator:178 - !SESSION log4j initialized
2024-03-26 11:45:31,697 [ERROR] LogOutputStream:74 - [STDERR_REDIRECT] SLF4J: Failed to load class "org.slf4j.impl.StaticLoggerBinder".
2024-03-26 11:45:31,697 [ERROR] LogOutputStream:74 - [STDERR_REDIRECT] SLF4J: Defaulting to no-operation (NOP) logger implementation
2024-03-26 11:45:31,697 [ERROR] LogOutputStream:74 - [STDERR_REDIRECT] SLF4J: See http://www.slf4j.org/codes.html#StaticLoggerBinder for further details.
2024-03-26 12:37:32,041 [INFO] Activator:177 - 


2024-03-26 12:37:32,041 [INFO] Activator:178 - !SESSION log4j initialized
2024-03-26 12:37:59,286 [ERROR] LogOutputStream:74 - [STDERR_REDIRECT] SLF4J: Failed to load class "org.slf4j.impl.StaticLoggerBinder".
2024-03-26 12:37:59,286 [ERROR] LogOutputStream:74 - [STDERR_REDIRECT] SLF4J: Defaulting to no-operation (NOP) logger implementation
2024-03-26 12:37:59,286 [ERROR] LogOutputStream:74 - [STDERR_REDIRECT] SLF4J: See http://www.slf4j.org/codes.html#StaticLoggerBinder for further details.
